

Started GET "/" for 127.0.0.1 at 2010-06-27 21:35:36 -0700
DEPRECATION WARNING: Setting filter_parameter_logging in ActionController is deprecated and has no longer effect, please set 'config.filter_parameters' in config/application.rb instead. (called from <class:ApplicationController> at /Users/Will/programming/projects/railsapps/braaainz/Brains/app/controllers/application_controller.rb:6)
  Processing by ProblemsController#index as HTML
DEPRECATION WARNING: Base.named_scope has been deprecated, please use Base.scope instead. (called from block in included at /Users/Will/.rvm/gems/ruby-1.9.2-preview3/gems/authlogic-2.1.5/lib/authlogic/acts_as_authentic/logged_in_status.rb:35)
DEPRECATION WARNING: Base.named_scope has been deprecated, please use Base.scope instead. (called from block in included at /Users/Will/.rvm/gems/ruby-1.9.2-preview3/gems/authlogic-2.1.5/lib/authlogic/acts_as_authentic/logged_in_status.rb:36)
  [1m[36mSQL (0.4ms)[0m  [1m SELECT name
 FROM sqlite_master
 WHERE type = 'table' AND NOT name = 'sqlite_sequence'
[0m
  [1m[35mUser Load (0.3ms)[0m  SELECT "users".* FROM "users" WHERE ("users"."id" = 1) LIMIT 1
DEPRECATION WARNING: Using #request_uri is deprecated. Use fullpath instead. (called from store_location at /Users/Will/programming/projects/railsapps/braaainz/Brains/app/controllers/application_controller.rb:38)
Redirected to http://localhost:3000/user_session/new
Completed 302 Found in 424ms


Started GET "/user_session/new" for 127.0.0.1 at 2010-06-27 21:35:38 -0700
DEPRECATION WARNING: Setting filter_parameter_logging in ActionController is deprecated and has no longer effect, please set 'config.filter_parameters' in config/application.rb instead. (called from <class:ApplicationController> at /Users/Will/programming/projects/railsapps/braaainz/Brains/app/controllers/application_controller.rb:6)
  Processing by UserSessionsController#new as HTML
DEPRECATION WARNING: Base.named_scope has been deprecated, please use Base.scope instead. (called from block in included at /Users/Will/.rvm/gems/ruby-1.9.2-preview3/gems/authlogic-2.1.5/lib/authlogic/acts_as_authentic/logged_in_status.rb:35)
DEPRECATION WARNING: Base.named_scope has been deprecated, please use Base.scope instead. (called from block in included at /Users/Will/.rvm/gems/ruby-1.9.2-preview3/gems/authlogic-2.1.5/lib/authlogic/acts_as_authentic/logged_in_status.rb:36)
  [1m[36mUser Load (0.3ms)[0m  [1mSELECT "users".* FROM "users" WHERE ("users"."id" = 1) LIMIT 1[0m
Rendered user_sessions/new.html.erb within layouts/application (49.2ms)
Completed   in 210ms

ActionView::Template::Error (undefined method `to_key' for #<UserSession: no credentials provided>):
    1: <div class="login">
    2:     
    3:   <% form_for @user_session, :url => user_session_path do |f| %>
    4:     <%= f.error_messages %>
    5:     <%= f.label :login %><br />
    6:     <%= f.text_field :login %><br />
/Users/Will/.rvm/gems/ruby-1.9.2-preview3/gems/actionpack-3.0.0.beta4/lib/action_controller/record_identifier.rb:80:in `record_key_for_dom_id'
  /Users/Will/.rvm/gems/ruby-1.9.2-preview3/gems/actionpack-3.0.0.beta4/lib/action_controller/record_identifier.rb:63:in `dom_id'
  /Users/Will/.rvm/gems/ruby-1.9.2-preview3/gems/actionpack-3.0.0.beta4/lib/action_view/helpers/record_identification_helper.rb:16:in `dom_id'
  /Users/Will/.rvm/gems/ruby-1.9.2-preview3/gems/actionpack-3.0.0.beta4/lib/action_view/helpers/form_helper.rb:323:in `apply_form_for_options!'
  /Users/Will/.rvm/gems/ruby-1.9.2-preview3/gems/actionpack-3.0.0.beta4/lib/action_view/helpers/form_helper.rb:301:in `form_for'
  /Users/Will/programming/projects/railsapps/braaainz/Brains/app/views/user_sessions/new.html.erb:3:in `_render_template__128128581_14227440__564816382'
  /Users/Will/.rvm/gems/ruby-1.9.2-preview3/gems/actionpack-3.0.0.beta4/lib/action_view/template.rb:134:in `block in render'
  /Users/Will/.rvm/gems/ruby-1.9.2-preview3/gems/activesupport-3.0.0.beta4/lib/active_support/notifications/instrumenter.rb:20:in `instrument'
  /Users/Will/.rvm/gems/ruby-1.9.2-preview3/gems/activesupport-3.0.0.beta4/lib/active_support/notifications.rb:48:in `instrument'
  /Users/Will/.rvm/gems/ruby-1.9.2-preview3/gems/actionpack-3.0.0.beta4/lib/action_view/template.rb:126:in `render'
  /Users/Will/.rvm/gems/ruby-1.9.2-preview3/gems/actionpack-3.0.0.beta4/lib/action_view/render/rendering.rb:58:in `block in _render_template'
  /Users/Will/.rvm/gems/ruby-1.9.2-preview3/gems/activesupport-3.0.0.beta4/lib/active_support/notifications/instrumenter.rb:20:in `instrument'
  /Users/Will/.rvm/gems/ruby-1.9.2-preview3/gems/activesupport-3.0.0.beta4/lib/active_support/notifications.rb:48:in `instrument'
  /Users/Will/.rvm/gems/ruby-1.9.2-preview3/gems/actionpack-3.0.0.beta4/lib/action_view/render/rendering.rb:55:in `_render_template'
  /Users/Will/.rvm/gems/ruby-1.9.2-preview3/gems/actionpack-3.0.0.beta4/lib/action_view/render/rendering.rb:25:in `render'
  /Users/Will/.rvm/gems/ruby-1.9.2-preview3/gems/actionpack-3.0.0.beta4/lib/abstract_controller/rendering.rb:114:in `_render_template'
  /Users/Will/.rvm/gems/ruby-1.9.2-preview3/gems/actionpack-3.0.0.beta4/lib/abstract_controller/rendering.rb:108:in `render_to_body'
  /Users/Will/.rvm/gems/ruby-1.9.2-preview3/gems/actionpack-3.0.0.beta4/lib/action_controller/metal/renderers.rb:47:in `render_to_body'
  /Users/Will/.rvm/gems/ruby-1.9.2-preview3/gems/actionpack-3.0.0.beta4/lib/action_controller/metal/compatibility.rb:55:in `render_to_body'
  /Users/Will/.rvm/gems/ruby-1.9.2-preview3/gems/actionpack-3.0.0.beta4/lib/abstract_controller/rendering.rb:101:in `render_to_string'
  /Users/Will/.rvm/gems/ruby-1.9.2-preview3/gems/actionpack-3.0.0.beta4/lib/abstract_controller/rendering.rb:92:in `render'
  /Users/Will/.rvm/gems/ruby-1.9.2-preview3/gems/actionpack-3.0.0.beta4/lib/action_controller/metal/rendering.rb:17:in `render'
  /Users/Will/.rvm/gems/ruby-1.9.2-preview3/gems/actionpack-3.0.0.beta4/lib/action_controller/metal/instrumentation.rb:39:in `block (2 levels) in render'
  /Users/Will/.rvm/gems/ruby-1.9.2-preview3/gems/activesupport-3.0.0.beta4/lib/active_support/core_ext/benchmark.rb:5:in `block in ms'
  /Users/Will/.rvm/rubies/ruby-1.9.2-preview3/lib/ruby/1.9.1/benchmark.rb:309:in `realtime'
  /Users/Will/.rvm/gems/ruby-1.9.2-preview3/gems/activesupport-3.0.0.beta4/lib/active_support/core_ext/benchmark.rb:5:in `ms'
  /Users/Will/.rvm/gems/ruby-1.9.2-preview3/gems/actionpack-3.0.0.beta4/lib/action_controller/metal/instrumentation.rb:39:in `block in render'
  /Users/Will/.rvm/gems/ruby-1.9.2-preview3/gems/actionpack-3.0.0.beta4/lib/action_controller/metal/instrumentation.rb:77:in `cleanup_view_runtime'
  /Users/Will/.rvm/gems/ruby-1.9.2-preview3/gems/activerecord-3.0.0.beta4/lib/active_record/railties/controller_runtime.rb:15:in `cleanup_view_runtime'
  /Users/Will/.rvm/gems/ruby-1.9.2-preview3/gems/actionpack-3.0.0.beta4/lib/action_controller/metal/instrumentation.rb:38:in `render'
  /Users/Will/.rvm/gems/ruby-1.9.2-preview3/gems/actionpack-3.0.0.beta4/lib/action_controller/metal/implicit_render.rb:10:in `default_render'
  /Users/Will/.rvm/gems/ruby-1.9.2-preview3/gems/actionpack-3.0.0.beta4/lib/action_controller/metal/implicit_render.rb:5:in `send_action'
  /Users/Will/.rvm/gems/ruby-1.9.2-preview3/gems/actionpack-3.0.0.beta4/lib/abstract_controller/base.rb:145:in `process_action'
  /Users/Will/.rvm/gems/ruby-1.9.2-preview3/gems/actionpack-3.0.0.beta4/lib/action_controller/metal/rendering.rb:11:in `process_action'
  /Users/Will/.rvm/gems/ruby-1.9.2-preview3/gems/actionpack-3.0.0.beta4/lib/abstract_controller/callbacks.rb:18:in `block in process_action'
  /Users/Will/.rvm/gems/ruby-1.9.2-preview3/gems/activesupport-3.0.0.beta4/lib/active_support/callbacks.rb:443:in `_run__139802494__process_action__180392504__callbacks'
  /Users/Will/.rvm/gems/ruby-1.9.2-preview3/gems/activesupport-3.0.0.beta4/lib/active_support/callbacks.rb:408:in `_run_process_action_callbacks'
  /Users/Will/.rvm/gems/ruby-1.9.2-preview3/gems/activesupport-3.0.0.beta4/lib/active_support/callbacks.rb:88:in `run_callbacks'
  /Users/Will/.rvm/gems/ruby-1.9.2-preview3/gems/actionpack-3.0.0.beta4/lib/abstract_controller/callbacks.rb:17:in `process_action'
  /Users/Will/.rvm/gems/ruby-1.9.2-preview3/gems/actionpack-3.0.0.beta4/lib/action_controller/metal/instrumentation.rb:29:in `block in process_action'
  /Users/Will/.rvm/gems/ruby-1.9.2-preview3/gems/activesupport-3.0.0.beta4/lib/active_support/notifications/instrumenter.rb:20:in `instrument'
  /Users/Will/.rvm/gems/ruby-1.9.2-preview3/gems/activesupport-3.0.0.beta4/lib/active_support/notifications.rb:48:in `instrument'
  /Users/Will/.rvm/gems/ruby-1.9.2-preview3/gems/actionpack-3.0.0.beta4/lib/action_controller/metal/instrumentation.rb:28:in `process_action'
  /Users/Will/.rvm/gems/ruby-1.9.2-preview3/gems/actionpack-3.0.0.beta4/lib/action_controller/metal/rescue.rb:8:in `process_action'
  /Users/Will/.rvm/gems/ruby-1.9.2-preview3/gems/actionpack-3.0.0.beta4/lib/abstract_controller/base.rb:114:in `process'
  /Users/Will/.rvm/gems/ruby-1.9.2-preview3/gems/actionpack-3.0.0.beta4/lib/abstract_controller/rendering.rb:40:in `process'
  /Users/Will/.rvm/gems/ruby-1.9.2-preview3/gems/actionpack-3.0.0.beta4/lib/action_controller/metal.rb:126:in `dispatch'
  /Users/Will/.rvm/gems/ruby-1.9.2-preview3/gems/actionpack-3.0.0.beta4/lib/action_controller/metal/rack_delegation.rb:14:in `dispatch'
  /Users/Will/.rvm/gems/ruby-1.9.2-preview3/gems/actionpack-3.0.0.beta4/lib/action_controller/metal.rb:166:in `block in action'
  /Users/Will/.rvm/gems/ruby-1.9.2-preview3/gems/actionpack-3.0.0.beta4/lib/action_dispatch/routing/route_set.rb:27:in `call'
  /Users/Will/.rvm/gems/ruby-1.9.2-preview3/gems/actionpack-3.0.0.beta4/lib/action_dispatch/routing/route_set.rb:27:in `call'
  /Users/Will/.rvm/gems/ruby-1.9.2-preview3/gems/rack-mount-0.6.6/lib/rack/mount/route_set.rb:148:in `block in call'
  /Users/Will/.rvm/gems/ruby-1.9.2-preview3/gems/rack-mount-0.6.6/lib/rack/mount/code_generation.rb:89:in `block in recognize'
  /Users/Will/.rvm/gems/ruby-1.9.2-preview3/gems/rack-mount-0.6.6/lib/rack/mount/code_generation.rb:122:in `optimized_each'
  /Users/Will/.rvm/gems/ruby-1.9.2-preview3/gems/rack-mount-0.6.6/lib/rack/mount/code_generation.rb:88:in `recognize'
  /Users/Will/.rvm/gems/ruby-1.9.2-preview3/gems/rack-mount-0.6.6/lib/rack/mount/route_set.rb:139:in `call'
  /Users/Will/.rvm/gems/ruby-1.9.2-preview3/gems/actionpack-3.0.0.beta4/lib/action_dispatch/routing/route_set.rb:457:in `call'
  /Users/Will/.rvm/gems/ruby-1.9.2-preview3/gems/actionpack-3.0.0.beta4/lib/action_dispatch/middleware/head.rb:14:in `call'
  /Users/Will/.rvm/gems/ruby-1.9.2-preview3/gems/rack-1.1.0/lib/rack/methodoverride.rb:24:in `call'
  /Users/Will/.rvm/gems/ruby-1.9.2-preview3/gems/actionpack-3.0.0.beta4/lib/action_dispatch/middleware/params_parser.rb:21:in `call'
  /Users/Will/.rvm/gems/ruby-1.9.2-preview3/gems/actionpack-3.0.0.beta4/lib/action_dispatch/middleware/flash.rb:177:in `call'
  /Users/Will/.rvm/gems/ruby-1.9.2-preview3/gems/actionpack-3.0.0.beta4/lib/action_dispatch/middleware/session/abstract_store.rb:106:in `call'
  /Users/Will/.rvm/gems/ruby-1.9.2-preview3/gems/actionpack-3.0.0.beta4/lib/action_dispatch/middleware/cookies.rb:235:in `call'
  /Users/Will/.rvm/gems/ruby-1.9.2-preview3/gems/activerecord-3.0.0.beta4/lib/active_record/query_cache.rb:31:in `block in call'
  /Users/Will/.rvm/gems/ruby-1.9.2-preview3/gems/activerecord-3.0.0.beta4/lib/active_record/connection_adapters/abstract/query_cache.rb:28:in `cache'
  /Users/Will/.rvm/gems/ruby-1.9.2-preview3/gems/activerecord-3.0.0.beta4/lib/active_record/query_cache.rb:11:in `cache'
  /Users/Will/.rvm/gems/ruby-1.9.2-preview3/gems/activerecord-3.0.0.beta4/lib/active_record/query_cache.rb:30:in `call'
  /Users/Will/.rvm/gems/ruby-1.9.2-preview3/gems/activerecord-3.0.0.beta4/lib/active_record/connection_adapters/abstract/connection_pool.rb:365:in `call'
  /Users/Will/.rvm/gems/ruby-1.9.2-preview3/gems/actionpack-3.0.0.beta4/lib/action_dispatch/middleware/callbacks.rb:46:in `block in call'
  /Users/Will/.rvm/gems/ruby-1.9.2-preview3/gems/activesupport-3.0.0.beta4/lib/active_support/callbacks.rb:414:in `_run_call_callbacks'
  /Users/Will/.rvm/gems/ruby-1.9.2-preview3/gems/activesupport-3.0.0.beta4/lib/active_support/callbacks.rb:88:in `run_callbacks'
  /Users/Will/.rvm/gems/ruby-1.9.2-preview3/gems/actionpack-3.0.0.beta4/lib/action_dispatch/middleware/callbacks.rb:44:in `call'
  /Users/Will/.rvm/gems/ruby-1.9.2-preview3/gems/rack-1.1.0/lib/rack/sendfile.rb:105:in `call'
  /Users/Will/.rvm/gems/ruby-1.9.2-preview3/gems/actionpack-3.0.0.beta4/lib/action_dispatch/middleware/remote_ip.rb:48:in `call'
  /Users/Will/.rvm/gems/ruby-1.9.2-preview3/gems/actionpack-3.0.0.beta4/lib/action_dispatch/middleware/show_exceptions.rb:48:in `call'
  /Users/Will/.rvm/gems/ruby-1.9.2-preview3/gems/railties-3.0.0.beta4/lib/rails/rack/logger.rb:14:in `call'
  /Users/Will/.rvm/gems/ruby-1.9.2-preview3/gems/rack-1.1.0/lib/rack/runtime.rb:17:in `call'
  /Users/Will/.rvm/gems/ruby-1.9.2-preview3/gems/activesupport-3.0.0.beta4/lib/active_support/cache/strategy/local_cache.rb:72:in `call'
  /Users/Will/.rvm/gems/ruby-1.9.2-preview3/gems/rack-1.1.0/lib/rack/lock.rb:11:in `block in call'
  <internal:prelude>:10:in `synchronize'
  /Users/Will/.rvm/gems/ruby-1.9.2-preview3/gems/rack-1.1.0/lib/rack/lock.rb:11:in `call'
  /Users/Will/.rvm/gems/ruby-1.9.2-preview3/gems/actionpack-3.0.0.beta4/lib/action_dispatch/middleware/static.rb:30:in `call'
  /Users/Will/.rvm/gems/ruby-1.9.2-preview3/gems/railties-3.0.0.beta4/lib/rails/application.rb:145:in `call'
  /Users/Will/.rvm/gems/ruby-1.9.2-preview3/gems/railties-3.0.0.beta4/lib/rails/application.rb:81:in `method_missing'
  /Users/Will/.rvm/gems/ruby-1.9.2-preview3/gems/railties-3.0.0.beta4/lib/rails/rack/log_tailer.rb:15:in `call'
  /Users/Will/.rvm/gems/ruby-1.9.2-preview3/gems/rack-1.1.0/lib/rack/content_length.rb:13:in `call'
  /Users/Will/.rvm/gems/ruby-1.9.2-preview3/gems/rack-1.1.0/lib/rack/handler/webrick.rb:48:in `service'
  /Users/Will/.rvm/rubies/ruby-1.9.2-preview3/lib/ruby/1.9.1/webrick/httpserver.rb:111:in `service'
  /Users/Will/.rvm/rubies/ruby-1.9.2-preview3/lib/ruby/1.9.1/webrick/httpserver.rb:70:in `run'
  /Users/Will/.rvm/rubies/ruby-1.9.2-preview3/lib/ruby/1.9.1/webrick/server.rb:183:in `block in start_thread'

Rendered /Users/Will/.rvm/gems/ruby-1.9.2-preview3/gems/actionpack-3.0.0.beta4/lib/action_dispatch/middleware/templates/rescues/_trace.erb (1.8ms)
Rendered /Users/Will/.rvm/gems/ruby-1.9.2-preview3/gems/actionpack-3.0.0.beta4/lib/action_dispatch/middleware/templates/rescues/_request_and_response.erb (5.9ms)
Rendered /Users/Will/.rvm/gems/ruby-1.9.2-preview3/gems/actionpack-3.0.0.beta4/lib/action_dispatch/middleware/templates/rescues/template_error.erb within rescues/layout (16.8ms)


Started GET "/user_session/new" for 127.0.0.1 at 2010-06-27 21:38:43 -0700
DEPRECATION WARNING: Setting filter_parameter_logging in ActionController is deprecated and has no longer effect, please set 'config.filter_parameters' in config/application.rb instead. (called from <class:ApplicationController> at /Users/Will/programming/projects/railsapps/braaainz/Brains/app/controllers/application_controller.rb:6)
  Processing by UserSessionsController#new as HTML
  [1m[36mSQL (0.4ms)[0m  [1m SELECT name
 FROM sqlite_master
 WHERE type = 'table' AND NOT name = 'sqlite_sequence'
[0m
  [1m[35mUser Load (0.3ms)[0m  SELECT "users".* FROM "users" WHERE ("users"."id" = 1) LIMIT 1
DEPRECATION WARNING: f.error_messages was removed from Rails and is now available as a plugin. Please install it with `rails plugin install git://github.com/rails/dynamic_form.git`. (called from block in _render_template__800889593_12482890__503530415 at /Users/Will/programming/projects/railsapps/braaainz/Brains/app/views/user_sessions/new.html.erb:4)
DEPRECATION WARNING: <% %> style block helpers are deprecated. Please use <%= %>. (called from _render_template__800889593_12482890__503530415 at /Users/Will/programming/projects/railsapps/braaainz/Brains/app/views/user_sessions/new.html.erb:3)
Rendered user_sessions/new.html.erb within layouts/application (7.6ms)
Completed 200 OK in 303ms (Views: 20.7ms | ActiveRecord: 0.6ms)


Started POST "/user_session" for 127.0.0.1 at 2010-06-27 21:38:56 -0700
DEPRECATION WARNING: Setting filter_parameter_logging in ActionController is deprecated and has no longer effect, please set 'config.filter_parameters' in config/application.rb instead. (called from <class:ApplicationController> at /Users/Will/programming/projects/railsapps/braaainz/Brains/app/controllers/application_controller.rb:6)
  Processing by UserSessionsController#create as HTML
  Parameters: {"authenticity_token"=>"U/U22jK8w0/yrIKh1gxxPs6Lub31ttE2OciHtB95em0=", "user_session"=>{"login"=>"Will", "password"=>"[FILTERED]", "remember_me"=>"0"}, "commit"=>"Login"}
  [1m[36mUser Load (0.3ms)[0m  [1mSELECT "users".* FROM "users" WHERE ("users"."id" = 1) LIMIT 1[0m
DEPRECATION WARNING: f.error_messages was removed from Rails and is now available as a plugin. Please install it with `rails plugin install git://github.com/rails/dynamic_form.git`. (called from block in _render_template__800889593_10888050__503530415 at /Users/Will/programming/projects/railsapps/braaainz/Brains/app/views/user_sessions/new.html.erb:4)
DEPRECATION WARNING: <% %> style block helpers are deprecated. Please use <%= %>. (called from _render_template__800889593_10888050__503530415 at /Users/Will/programming/projects/railsapps/braaainz/Brains/app/views/user_sessions/new.html.erb:3)
Rendered user_sessions/new.html.erb within layouts/application (6.4ms)
Completed 200 OK in 110ms (Views: 18.5ms | ActiveRecord: 0.3ms)


Started POST "/user_session" for 127.0.0.1 at 2010-06-27 21:39:02 -0700
DEPRECATION WARNING: Setting filter_parameter_logging in ActionController is deprecated and has no longer effect, please set 'config.filter_parameters' in config/application.rb instead. (called from <class:ApplicationController> at /Users/Will/programming/projects/railsapps/braaainz/Brains/app/controllers/application_controller.rb:6)
  Processing by UserSessionsController#create as HTML
  Parameters: {"authenticity_token"=>"U/U22jK8w0/yrIKh1gxxPs6Lub31ttE2OciHtB95em0=", "user_session"=>{"login"=>"will", "password"=>"[FILTERED]", "remember_me"=>"0"}, "commit"=>"Login"}
  [1m[35mUser Load (0.3ms)[0m  SELECT "users".* FROM "users" WHERE ("users"."id" = 1) LIMIT 1
  [1m[36mUser Load (0.4ms)[0m  [1mSELECT "users".* FROM "users" WHERE (LOWER("users".login) = 'will') LIMIT 1[0m
DEPRECATION WARNING: f.error_messages was removed from Rails and is now available as a plugin. Please install it with `rails plugin install git://github.com/rails/dynamic_form.git`. (called from block in _render_template__800889593_18483530__503530415 at /Users/Will/programming/projects/railsapps/braaainz/Brains/app/views/user_sessions/new.html.erb:4)
DEPRECATION WARNING: <% %> style block helpers are deprecated. Please use <%= %>. (called from _render_template__800889593_18483530__503530415 at /Users/Will/programming/projects/railsapps/braaainz/Brains/app/views/user_sessions/new.html.erb:3)
Rendered user_sessions/new.html.erb within layouts/application (7.8ms)
Completed 200 OK in 324ms (Views: 22.6ms | ActiveRecord: 0.6ms)
  [1m[36mSQL (0.3ms)[0m  [1m SELECT name
 FROM sqlite_master
 WHERE type = 'table' AND NOT name = 'sqlite_sequence'
[0m
  [1m[35mSQL (0.3ms)[0m   SELECT name
 FROM sqlite_master
 WHERE type = 'table' AND NOT name = 'sqlite_sequence'
  [1m[36mUser Load (0.4ms)[0m  [1mSELECT "users".* FROM "users" LIMIT 1[0m
  [1m[35mUser Load (0.5ms)[0m  SELECT "users".* FROM "users" ORDER BY users.id DESC LIMIT 1
  [1m[36mUser Load (0.3ms)[0m  [1mSELECT "users"."id" FROM "users" WHERE (LOWER("users"."email") = LOWER('will@willgretz.com')) LIMIT 1[0m
  [1m[35mUser Load (0.1ms)[0m  SELECT "users"."id" FROM "users" WHERE (LOWER("users"."login") = LOWER('Will')) LIMIT 1
  [1m[36mUser Load (0.1ms)[0m  [1mSELECT "users"."id" FROM "users" WHERE ("users"."persistence_token" = '3212b4d1b43db23796d3a741419b11041bdac843ecad8e78d91d9550b3b7190b2df5369d92d1d40225029f87061eb4c9e30ec3ffca613c64298db9c4369e49d7') LIMIT 1[0m
  [1m[35mUser Load (0.1ms)[0m  SELECT "users"."id" FROM "users" WHERE ("users"."single_access_token" = 'xuKsQz23-6FSyReAFOw_') LIMIT 1
  [1m[36mSQL (0.6ms)[0m  [1mINSERT INTO "users" ("avatar_content_type", "avatar_file_name", "avatar_file_size", "avatar_updated_at", "crypted_password", "current_login_at", "current_login_ip", "email", "failed_login_count", "last_login_at", "last_login_ip", "last_request_at", "login", "login_count", "password_salt", "perishable_token", "persistence_token", "single_access_token") VALUES (NULL, NULL, NULL, NULL, '8a63469ddd3d6bb56c05381c822c2a2da7888e920a82283b80088d379816f11570800f3baa6e73927c08ea0cc0c8031b6857e708a0c605e20b24aa7b96c1214c', NULL, NULL, 'will@willgretz.com', 0, NULL, NULL, NULL, 'Will', 0, 'fk7aXh9vCH9YHdxxDykc', 'k5UmndjoUNFL2WbC2dg4', '3212b4d1b43db23796d3a741419b11041bdac843ecad8e78d91d9550b3b7190b2df5369d92d1d40225029f87061eb4c9e30ec3ffca613c64298db9c4369e49d7', 'xuKsQz23-6FSyReAFOw_')[0m
[paperclip] Saving attachments.


Started POST "/user_session" for 127.0.0.1 at 2010-06-27 21:40:49 -0700
DEPRECATION WARNING: Setting filter_parameter_logging in ActionController is deprecated and has no longer effect, please set 'config.filter_parameters' in config/application.rb instead. (called from <class:ApplicationController> at /Users/Will/programming/projects/railsapps/braaainz/Brains/app/controllers/application_controller.rb:6)
  Processing by UserSessionsController#create as HTML
  Parameters: {"authenticity_token"=>"U/U22jK8w0/yrIKh1gxxPs6Lub31ttE2OciHtB95em0=", "user_session"=>{"login"=>"will", "password"=>"[FILTERED]", "remember_me"=>"0"}, "commit"=>"Login"}
  [1m[35mUser Load (2.1ms)[0m  SELECT "users".* FROM "users" WHERE ("users"."id" = 1) LIMIT 1
  [1m[36mUser Load (2.5ms)[0m  [1mSELECT "users".* FROM "users" WHERE (LOWER("users".login) = 'will') LIMIT 1[0m
  [1m[35mSQL (1.5ms)[0m  UPDATE "users" SET "current_login_at" = '2010-06-28 04:40:49.753146', "current_login_ip" = '127.0.0.1', "last_request_at" = '2010-06-28 04:40:49.753471', "login_count" = 1, "perishable_token" = 'H471_A0SCs_Tt0nYqB0B' WHERE ("users"."id" = 5)
[paperclip] Saving attachments.
Redirected to http://localhost:3000/problems
Completed 302 Found in 215ms


Started GET "/problems" for 127.0.0.1 at 2010-06-27 21:40:49 -0700
DEPRECATION WARNING: Setting filter_parameter_logging in ActionController is deprecated and has no longer effect, please set 'config.filter_parameters' in config/application.rb instead. (called from <class:ApplicationController> at /Users/Will/programming/projects/railsapps/braaainz/Brains/app/controllers/application_controller.rb:6)
  Processing by ProblemsController#index as HTML
  [1m[36mUser Load (1.8ms)[0m  [1mSELECT "users".* FROM "users" WHERE ("users"."id" = 5) LIMIT 1[0m
  [1m[35mCACHE (0.0ms)[0m  SELECT "users".* FROM "users" WHERE ("users"."id" = 5) LIMIT 1
  [1m[36mSQL (93.6ms)[0m  [1mUPDATE "users" SET "last_request_at" = '2010-06-28 04:40:50.071131', "perishable_token" = 'QU-c11O6EaL_9b2mCbvJ' WHERE ("users"."id" = 5)[0m
[paperclip] Saving attachments.
  [1m[35mProblem Load (12.8ms)[0m  SELECT "problems".* FROM "problems"
  [1m[36mUser Load (0.5ms)[0m  [1mSELECT "users".* FROM "users" WHERE ("users"."id" = 2) LIMIT 1[0m
Rendered problems/index.html.erb within layouts/application (29.8ms)
Completed 200 OK in 429ms (Views: 48.9ms | ActiveRecord: 108.7ms)


Started GET "/problems" for 127.0.0.1 at 2010-06-27 21:44:59 -0700
DEPRECATION WARNING: Setting filter_parameter_logging in ActionController is deprecated and has no longer effect, please set 'config.filter_parameters' in config/application.rb instead. (called from <class:ApplicationController> at /Users/Will/programming/projects/railsapps/braaainz/Brains/app/controllers/application_controller.rb:6)
  Processing by ProblemsController#index as HTML
  [1m[35mUser Load (1.7ms)[0m  SELECT "users".* FROM "users" WHERE ("users"."id" = 5) LIMIT 1
  [1m[36mCACHE (0.0ms)[0m  [1mSELECT "users".* FROM "users" WHERE ("users"."id" = 5) LIMIT 1[0m
  [1m[35mSQL (0.9ms)[0m  UPDATE "users" SET "last_request_at" = '2010-06-28 04:45:00.230888', "perishable_token" = 'MLbo2pJendq8xGAD3c2h' WHERE ("users"."id" = 5)
[paperclip] Saving attachments.
  [1m[36mProblem Load (0.4ms)[0m  [1mSELECT "problems".* FROM "problems"[0m
  [1m[35mUser Load (0.5ms)[0m  SELECT "users".* FROM "users" WHERE ("users"."id" = 2) LIMIT 1
Rendered problems/index.html.erb within layouts/application (31.6ms)
Completed 200 OK in 268ms (Views: 41.0ms | ActiveRecord: 3.4ms)


Started GET "/problems/new" for 127.0.0.1 at 2010-06-27 21:45:28 -0700
DEPRECATION WARNING: Setting filter_parameter_logging in ActionController is deprecated and has no longer effect, please set 'config.filter_parameters' in config/application.rb instead. (called from <class:ApplicationController> at /Users/Will/programming/projects/railsapps/braaainz/Brains/app/controllers/application_controller.rb:6)
  Processing by ProblemsController#new as HTML
  [1m[36mUser Load (3.5ms)[0m  [1mSELECT "users".* FROM "users" WHERE ("users"."id" = 5) LIMIT 1[0m
  [1m[35mCACHE (0.0ms)[0m  SELECT "users".* FROM "users" WHERE ("users"."id" = 5) LIMIT 1
  [1m[36mSQL (1.1ms)[0m  [1mUPDATE "users" SET "last_request_at" = '2010-06-28 04:45:28.732626', "perishable_token" = 'BwdcIz8ZgSL8kkMBuDd3' WHERE ("users"."id" = 5)[0m
[paperclip] Saving attachments.
DEPRECATION WARNING: f.error_messages was removed from Rails and is now available as a plugin. Please install it with `rails plugin install git://github.com/rails/dynamic_form.git`. (called from block in _render_template__753910466_23548100_320579278 at /Users/Will/programming/projects/railsapps/braaainz/Brains/app/views/problems/_form.html.erb:2)
DEPRECATION WARNING: <% %> style block helpers are deprecated. Please use <%= %>. (called from _render_template__753910466_23548100_320579278 at /Users/Will/programming/projects/railsapps/braaainz/Brains/app/views/problems/_form.html.erb:1)
Rendered problems/_form.html.erb (12.1ms)
Rendered problems/new.html.erb within layouts/application (29.4ms)
Completed 200 OK in 234ms (Views: 52.9ms | ActiveRecord: 4.6ms)


Started POST "/problems" for 127.0.0.1 at 2010-06-27 21:45:59 -0700
DEPRECATION WARNING: Setting filter_parameter_logging in ActionController is deprecated and has no longer effect, please set 'config.filter_parameters' in config/application.rb instead. (called from <class:ApplicationController> at /Users/Will/programming/projects/railsapps/braaainz/Brains/app/controllers/application_controller.rb:6)
  Processing by ProblemsController#create as HTML
  Parameters: {"authenticity_token"=>"U/U22jK8w0/yrIKh1gxxPs6Lub31ttE2OciHtB95em0=", "problem"=>{"title"=>"This is the second problem we are encountering", "desciption"=>"<p>This is that problem's descripton</p>", "solution"=>"<p>And here is the solution</p>"}, "commit"=>"Create Problem"}
  [1m[35mUser Load (1.8ms)[0m  SELECT "users".* FROM "users" WHERE ("users"."id" = 5) LIMIT 1
  [1m[36mCACHE (0.0ms)[0m  [1mSELECT "users".* FROM "users" WHERE ("users"."id" = 5) LIMIT 1[0m
  [1m[35mSQL (1.4ms)[0m  UPDATE "users" SET "last_request_at" = '2010-06-28 04:45:59.712068', "perishable_token" = 'rD6xBOUQ9ftrCmhwOyIw' WHERE ("users"."id" = 5)
[paperclip] Saving attachments.
  [1m[36mSQL (0.6ms)[0m  [1mINSERT INTO "problems" ("created_at", "desciption", "solution", "title", "updated_at", "user_id") VALUES ('2010-06-28 04:45:59.751798', '<p>This is that problem''s descripton</p>', '<p>And here is the solution</p>', 'This is the second problem we are encountering', '2010-06-28 04:45:59.751798', 5)[0m
Redirected to http://localhost:3000/problems/8
Completed 302 Found in 185ms


Started GET "/problems/8" for 127.0.0.1 at 2010-06-27 21:45:59 -0700
DEPRECATION WARNING: Setting filter_parameter_logging in ActionController is deprecated and has no longer effect, please set 'config.filter_parameters' in config/application.rb instead. (called from <class:ApplicationController> at /Users/Will/programming/projects/railsapps/braaainz/Brains/app/controllers/application_controller.rb:6)
  Processing by ProblemsController#show as HTML
  Parameters: {"id"=>"8"}
  [1m[35mUser Load (2.1ms)[0m  SELECT "users".* FROM "users" WHERE ("users"."id" = 5) LIMIT 1
  [1m[36mCACHE (0.0ms)[0m  [1mSELECT "users".* FROM "users" WHERE ("users"."id" = 5) LIMIT 1[0m
  [1m[35mSQL (0.8ms)[0m  UPDATE "users" SET "last_request_at" = '2010-06-28 04:45:59.990622', "perishable_token" = '5m55dfqkjJVU9-oQsKlJ' WHERE ("users"."id" = 5)
[paperclip] Saving attachments.
  [1m[36mProblem Load (0.4ms)[0m  [1mSELECT "problems".* FROM "problems" WHERE ("problems"."id" = 8) LIMIT 1[0m
  [1m[35mUser Load (2.3ms)[0m  SELECT "users".* FROM "users" WHERE ("users"."id" = 5) LIMIT 1
Rendered problems/show.html.erb within layouts/application (37.2ms)
Completed 200 OK in 236ms (Views: 59.4ms | ActiveRecord: 5.5ms)


Started GET "/avatars/original/missing.png" for 127.0.0.1 at 2010-06-27 21:46:00 -0700

ActionController::RoutingError (No route matches "/avatars/original/missing.png"):
/Users/Will/.rvm/gems/ruby-1.9.2-preview3/gems/actionpack-3.0.0.beta4/lib/action_dispatch/middleware/show_exceptions.rb:55:in `call'
  /Users/Will/.rvm/gems/ruby-1.9.2-preview3/gems/railties-3.0.0.beta4/lib/rails/rack/logger.rb:14:in `call'
  /Users/Will/.rvm/gems/ruby-1.9.2-preview3/gems/rack-1.1.0/lib/rack/runtime.rb:17:in `call'
  /Users/Will/.rvm/gems/ruby-1.9.2-preview3/gems/activesupport-3.0.0.beta4/lib/active_support/cache/strategy/local_cache.rb:72:in `call'
  /Users/Will/.rvm/gems/ruby-1.9.2-preview3/gems/rack-1.1.0/lib/rack/lock.rb:11:in `block in call'
  <internal:prelude>:10:in `synchronize'
  /Users/Will/.rvm/gems/ruby-1.9.2-preview3/gems/rack-1.1.0/lib/rack/lock.rb:11:in `call'
  /Users/Will/.rvm/gems/ruby-1.9.2-preview3/gems/actionpack-3.0.0.beta4/lib/action_dispatch/middleware/static.rb:30:in `call'
  /Users/Will/.rvm/gems/ruby-1.9.2-preview3/gems/railties-3.0.0.beta4/lib/rails/application.rb:145:in `call'
  /Users/Will/.rvm/gems/ruby-1.9.2-preview3/gems/railties-3.0.0.beta4/lib/rails/application.rb:81:in `method_missing'
  /Users/Will/.rvm/gems/ruby-1.9.2-preview3/gems/railties-3.0.0.beta4/lib/rails/rack/log_tailer.rb:15:in `call'
  /Users/Will/.rvm/gems/ruby-1.9.2-preview3/gems/rack-1.1.0/lib/rack/content_length.rb:13:in `call'
  /Users/Will/.rvm/gems/ruby-1.9.2-preview3/gems/rack-1.1.0/lib/rack/handler/webrick.rb:48:in `service'
  /Users/Will/.rvm/rubies/ruby-1.9.2-preview3/lib/ruby/1.9.1/webrick/httpserver.rb:111:in `service'
  /Users/Will/.rvm/rubies/ruby-1.9.2-preview3/lib/ruby/1.9.1/webrick/httpserver.rb:70:in `run'
  /Users/Will/.rvm/rubies/ruby-1.9.2-preview3/lib/ruby/1.9.1/webrick/server.rb:183:in `block in start_thread'

Rendered /Users/Will/.rvm/gems/ruby-1.9.2-preview3/gems/actionpack-3.0.0.beta4/lib/action_dispatch/middleware/templates/rescues/routing_error.erb within rescues/layout (1.3ms)


Started GET "/problems/8" for 127.0.0.1 at 2010-06-27 21:46:42 -0700
DEPRECATION WARNING: Setting filter_parameter_logging in ActionController is deprecated and has no longer effect, please set 'config.filter_parameters' in config/application.rb instead. (called from <class:ApplicationController> at /Users/Will/programming/projects/railsapps/braaainz/Brains/app/controllers/application_controller.rb:6)
  Processing by ProblemsController#show as HTML
  Parameters: {"id"=>"8"}
  [1m[36mUser Load (1.6ms)[0m  [1mSELECT "users".* FROM "users" WHERE ("users"."id" = 5) LIMIT 1[0m
  [1m[35mCACHE (0.0ms)[0m  SELECT "users".* FROM "users" WHERE ("users"."id" = 5) LIMIT 1
  [1m[36mSQL (0.8ms)[0m  [1mUPDATE "users" SET "last_request_at" = '2010-06-28 04:46:42.930096', "perishable_token" = '9s-tn9LgzodcWCa2a9Z5' WHERE ("users"."id" = 5)[0m
[paperclip] Saving attachments.
  [1m[35mProblem Load (0.4ms)[0m  SELECT "problems".* FROM "problems" WHERE ("problems"."id" = 8) LIMIT 1
  [1m[36mUser Load (1.7ms)[0m  [1mSELECT "users".* FROM "users" WHERE ("users"."id" = 5) LIMIT 1[0m
Rendered problems/show.html.erb within layouts/application (29.7ms)
Completed 200 OK in 192ms (Views: 37.8ms | ActiveRecord: 4.5ms)


Started GET "/avatars/original/missing.png" for 127.0.0.1 at 2010-06-27 21:46:43 -0700

ActionController::RoutingError (No route matches "/avatars/original/missing.png"):
/Users/Will/.rvm/gems/ruby-1.9.2-preview3/gems/actionpack-3.0.0.beta4/lib/action_dispatch/middleware/show_exceptions.rb:55:in `call'
  /Users/Will/.rvm/gems/ruby-1.9.2-preview3/gems/railties-3.0.0.beta4/lib/rails/rack/logger.rb:14:in `call'
  /Users/Will/.rvm/gems/ruby-1.9.2-preview3/gems/rack-1.1.0/lib/rack/runtime.rb:17:in `call'
  /Users/Will/.rvm/gems/ruby-1.9.2-preview3/gems/activesupport-3.0.0.beta4/lib/active_support/cache/strategy/local_cache.rb:72:in `call'
  /Users/Will/.rvm/gems/ruby-1.9.2-preview3/gems/rack-1.1.0/lib/rack/lock.rb:11:in `block in call'
  <internal:prelude>:10:in `synchronize'
  /Users/Will/.rvm/gems/ruby-1.9.2-preview3/gems/rack-1.1.0/lib/rack/lock.rb:11:in `call'
  /Users/Will/.rvm/gems/ruby-1.9.2-preview3/gems/actionpack-3.0.0.beta4/lib/action_dispatch/middleware/static.rb:30:in `call'
  /Users/Will/.rvm/gems/ruby-1.9.2-preview3/gems/railties-3.0.0.beta4/lib/rails/application.rb:145:in `call'
  /Users/Will/.rvm/gems/ruby-1.9.2-preview3/gems/railties-3.0.0.beta4/lib/rails/application.rb:81:in `method_missing'
  /Users/Will/.rvm/gems/ruby-1.9.2-preview3/gems/railties-3.0.0.beta4/lib/rails/rack/log_tailer.rb:15:in `call'
  /Users/Will/.rvm/gems/ruby-1.9.2-preview3/gems/rack-1.1.0/lib/rack/content_length.rb:13:in `call'
  /Users/Will/.rvm/gems/ruby-1.9.2-preview3/gems/rack-1.1.0/lib/rack/handler/webrick.rb:48:in `service'
  /Users/Will/.rvm/rubies/ruby-1.9.2-preview3/lib/ruby/1.9.1/webrick/httpserver.rb:111:in `service'
  /Users/Will/.rvm/rubies/ruby-1.9.2-preview3/lib/ruby/1.9.1/webrick/httpserver.rb:70:in `run'
  /Users/Will/.rvm/rubies/ruby-1.9.2-preview3/lib/ruby/1.9.1/webrick/server.rb:183:in `block in start_thread'

Rendered /Users/Will/.rvm/gems/ruby-1.9.2-preview3/gems/actionpack-3.0.0.beta4/lib/action_dispatch/middleware/templates/rescues/routing_error.erb within rescues/layout (1.3ms)


Started GET "/problems" for 127.0.0.1 at 2010-06-27 21:46:46 -0700
DEPRECATION WARNING: Setting filter_parameter_logging in ActionController is deprecated and has no longer effect, please set 'config.filter_parameters' in config/application.rb instead. (called from <class:ApplicationController> at /Users/Will/programming/projects/railsapps/braaainz/Brains/app/controllers/application_controller.rb:6)
  Processing by ProblemsController#index as HTML
  [1m[35mUser Load (1.6ms)[0m  SELECT "users".* FROM "users" WHERE ("users"."id" = 5) LIMIT 1
  [1m[36mCACHE (0.0ms)[0m  [1mSELECT "users".* FROM "users" WHERE ("users"."id" = 5) LIMIT 1[0m
  [1m[35mSQL (0.8ms)[0m  UPDATE "users" SET "last_request_at" = '2010-06-28 04:46:46.648304', "perishable_token" = '-kfWUJeRcf-2ymIQa0XU' WHERE ("users"."id" = 5)
[paperclip] Saving attachments.
  [1m[36mProblem Load (0.5ms)[0m  [1mSELECT "problems".* FROM "problems"[0m
  [1m[35mUser Load (0.5ms)[0m  SELECT "users".* FROM "users" WHERE ("users"."id" = 2) LIMIT 1
  [1m[36mUser Load (1.9ms)[0m  [1mSELECT "users".* FROM "users" WHERE ("users"."id" = 5) LIMIT 1[0m
Rendered problems/index.html.erb within layouts/application (35.2ms)
Completed 200 OK in 215ms (Views: 42.6ms | ActiveRecord: 5.1ms)


Started GET "/avatars/original/missing.png" for 127.0.0.1 at 2010-06-27 21:46:46 -0700

ActionController::RoutingError (No route matches "/avatars/original/missing.png"):
/Users/Will/.rvm/gems/ruby-1.9.2-preview3/gems/actionpack-3.0.0.beta4/lib/action_dispatch/middleware/show_exceptions.rb:55:in `call'
  /Users/Will/.rvm/gems/ruby-1.9.2-preview3/gems/railties-3.0.0.beta4/lib/rails/rack/logger.rb:14:in `call'
  /Users/Will/.rvm/gems/ruby-1.9.2-preview3/gems/rack-1.1.0/lib/rack/runtime.rb:17:in `call'
  /Users/Will/.rvm/gems/ruby-1.9.2-preview3/gems/activesupport-3.0.0.beta4/lib/active_support/cache/strategy/local_cache.rb:72:in `call'
  /Users/Will/.rvm/gems/ruby-1.9.2-preview3/gems/rack-1.1.0/lib/rack/lock.rb:11:in `block in call'
  <internal:prelude>:10:in `synchronize'
  /Users/Will/.rvm/gems/ruby-1.9.2-preview3/gems/rack-1.1.0/lib/rack/lock.rb:11:in `call'
  /Users/Will/.rvm/gems/ruby-1.9.2-preview3/gems/actionpack-3.0.0.beta4/lib/action_dispatch/middleware/static.rb:30:in `call'
  /Users/Will/.rvm/gems/ruby-1.9.2-preview3/gems/railties-3.0.0.beta4/lib/rails/application.rb:145:in `call'
  /Users/Will/.rvm/gems/ruby-1.9.2-preview3/gems/railties-3.0.0.beta4/lib/rails/application.rb:81:in `method_missing'
  /Users/Will/.rvm/gems/ruby-1.9.2-preview3/gems/railties-3.0.0.beta4/lib/rails/rack/log_tailer.rb:15:in `call'
  /Users/Will/.rvm/gems/ruby-1.9.2-preview3/gems/rack-1.1.0/lib/rack/content_length.rb:13:in `call'
  /Users/Will/.rvm/gems/ruby-1.9.2-preview3/gems/rack-1.1.0/lib/rack/handler/webrick.rb:48:in `service'
  /Users/Will/.rvm/rubies/ruby-1.9.2-preview3/lib/ruby/1.9.1/webrick/httpserver.rb:111:in `service'
  /Users/Will/.rvm/rubies/ruby-1.9.2-preview3/lib/ruby/1.9.1/webrick/httpserver.rb:70:in `run'
  /Users/Will/.rvm/rubies/ruby-1.9.2-preview3/lib/ruby/1.9.1/webrick/server.rb:183:in `block in start_thread'

Rendered /Users/Will/.rvm/gems/ruby-1.9.2-preview3/gems/actionpack-3.0.0.beta4/lib/action_dispatch/middleware/templates/rescues/routing_error.erb within rescues/layout (1.1ms)


Started GET "/account/new" for 127.0.0.1 at 2010-06-27 21:47:28 -0700
DEPRECATION WARNING: Setting filter_parameter_logging in ActionController is deprecated and has no longer effect, please set 'config.filter_parameters' in config/application.rb instead. (called from <class:ApplicationController> at /Users/Will/programming/projects/railsapps/braaainz/Brains/app/controllers/application_controller.rb:6)
  Processing by UsersController#new as HTML
  [1m[35mUser Load (1.7ms)[0m  SELECT "users".* FROM "users" WHERE ("users"."id" = 5) LIMIT 1
  [1m[36mCACHE (0.0ms)[0m  [1mSELECT "users".* FROM "users" WHERE ("users"."id" = 5) LIMIT 1[0m
  [1m[35mSQL (0.8ms)[0m  UPDATE "users" SET "last_request_at" = '2010-06-28 04:47:28.332052', "perishable_token" = 'ehj6MuvaSq9vROFDntHP' WHERE ("users"."id" = 5)
[paperclip] Saving attachments.
DEPRECATION WARNING: f.error_messages was removed from Rails and is now available as a plugin. Please install it with `rails plugin install git://github.com/rails/dynamic_form.git`. (called from block in _render_template__612478951_39774840_320579278 at /Users/Will/programming/projects/railsapps/braaainz/Brains/app/views/users/_form.html.erb:2)
DEPRECATION WARNING: <% %> style block helpers are deprecated. Please use <%= %>. (called from _render_template__612478951_39774840_320579278 at /Users/Will/programming/projects/railsapps/braaainz/Brains/app/views/users/_form.html.erb:1)
Rendered users/_form.html.erb (7.4ms)
Rendered users/new.html.erb within layouts/application (15.0ms)
Completed 200 OK in 237ms (Views: 27.4ms | ActiveRecord: 2.6ms)


Started GET "/users" for 127.0.0.1 at 2010-06-27 21:47:33 -0700
DEPRECATION WARNING: Setting filter_parameter_logging in ActionController is deprecated and has no longer effect, please set 'config.filter_parameters' in config/application.rb instead. (called from <class:ApplicationController> at /Users/Will/programming/projects/railsapps/braaainz/Brains/app/controllers/application_controller.rb:6)
  Processing by UsersController#index as HTML
  [1m[36mUser Load (1.6ms)[0m  [1mSELECT "users".* FROM "users" WHERE ("users"."id" = 5) LIMIT 1[0m
  [1m[35mCACHE (0.0ms)[0m  SELECT "users".* FROM "users" WHERE ("users"."id" = 5) LIMIT 1
  [1m[36mSQL (0.8ms)[0m  [1mUPDATE "users" SET "last_request_at" = '2010-06-28 04:47:34.139030', "perishable_token" = 'FjOB1d6QKEITKhhUzmA5' WHERE ("users"."id" = 5)[0m
[paperclip] Saving attachments.
  [1m[35mUser Load (1.7ms)[0m  SELECT "users".* FROM "users"
Rendered users/index.html.erb within layouts/application (10.9ms)
Completed 200 OK in 178ms (Views: 21.7ms | ActiveRecord: 4.0ms)


Started GET "/avatars/original/missing.png" for 127.0.0.1 at 2010-06-27 21:47:34 -0700

ActionController::RoutingError (No route matches "/avatars/original/missing.png"):
/Users/Will/.rvm/gems/ruby-1.9.2-preview3/gems/actionpack-3.0.0.beta4/lib/action_dispatch/middleware/show_exceptions.rb:55:in `call'
  /Users/Will/.rvm/gems/ruby-1.9.2-preview3/gems/railties-3.0.0.beta4/lib/rails/rack/logger.rb:14:in `call'
  /Users/Will/.rvm/gems/ruby-1.9.2-preview3/gems/rack-1.1.0/lib/rack/runtime.rb:17:in `call'
  /Users/Will/.rvm/gems/ruby-1.9.2-preview3/gems/activesupport-3.0.0.beta4/lib/active_support/cache/strategy/local_cache.rb:72:in `call'
  /Users/Will/.rvm/gems/ruby-1.9.2-preview3/gems/rack-1.1.0/lib/rack/lock.rb:11:in `block in call'
  <internal:prelude>:10:in `synchronize'
  /Users/Will/.rvm/gems/ruby-1.9.2-preview3/gems/rack-1.1.0/lib/rack/lock.rb:11:in `call'
  /Users/Will/.rvm/gems/ruby-1.9.2-preview3/gems/actionpack-3.0.0.beta4/lib/action_dispatch/middleware/static.rb:30:in `call'
  /Users/Will/.rvm/gems/ruby-1.9.2-preview3/gems/railties-3.0.0.beta4/lib/rails/application.rb:145:in `call'
  /Users/Will/.rvm/gems/ruby-1.9.2-preview3/gems/railties-3.0.0.beta4/lib/rails/application.rb:81:in `method_missing'
  /Users/Will/.rvm/gems/ruby-1.9.2-preview3/gems/railties-3.0.0.beta4/lib/rails/rack/log_tailer.rb:15:in `call'
  /Users/Will/.rvm/gems/ruby-1.9.2-preview3/gems/rack-1.1.0/lib/rack/content_length.rb:13:in `call'
  /Users/Will/.rvm/gems/ruby-1.9.2-preview3/gems/rack-1.1.0/lib/rack/handler/webrick.rb:48:in `service'
  /Users/Will/.rvm/rubies/ruby-1.9.2-preview3/lib/ruby/1.9.1/webrick/httpserver.rb:111:in `service'
  /Users/Will/.rvm/rubies/ruby-1.9.2-preview3/lib/ruby/1.9.1/webrick/httpserver.rb:70:in `run'
  /Users/Will/.rvm/rubies/ruby-1.9.2-preview3/lib/ruby/1.9.1/webrick/server.rb:183:in `block in start_thread'

Rendered /Users/Will/.rvm/gems/ruby-1.9.2-preview3/gems/actionpack-3.0.0.beta4/lib/action_dispatch/middleware/templates/rescues/routing_error.erb within rescues/layout (1.3ms)


Started GET "/problems" for 127.0.0.1 at 2010-06-27 22:02:38 -0700
DEPRECATION WARNING: Setting filter_parameter_logging in ActionController is deprecated and has no longer effect, please set 'config.filter_parameters' in config/application.rb instead. (called from <class:ApplicationController> at /Users/Will/programming/projects/railsapps/braaainz/Brains/app/controllers/application_controller.rb:6)
  Processing by ProblemsController#index as HTML
  [1m[36mUser Load (1.5ms)[0m  [1mSELECT "users".* FROM "users" WHERE ("users"."id" = 5) LIMIT 1[0m
  [1m[35mCACHE (0.0ms)[0m  SELECT "users".* FROM "users" WHERE ("users"."id" = 5) LIMIT 1
  [1m[36mSQL (0.8ms)[0m  [1mUPDATE "users" SET "last_request_at" = '2010-06-28 05:02:38.730133', "perishable_token" = 'qf9I1gTFgFxJoMysbOOS' WHERE ("users"."id" = 5)[0m
[paperclip] Saving attachments.
  [1m[35mProblem Load (11.5ms)[0m  SELECT "problems".* FROM "problems"
  [1m[36mUser Load (0.5ms)[0m  [1mSELECT "users".* FROM "users" WHERE ("users"."id" = 2) LIMIT 1[0m
  [1m[35mUser Load (2.4ms)[0m  SELECT "users".* FROM "users" WHERE ("users"."id" = 5) LIMIT 1
Rendered problems/index.html.erb within layouts/application (44.0ms)
Completed 200 OK in 204ms (Views: 58.9ms | ActiveRecord: 16.6ms)


Started GET "/avatars/original/missing.png" for 127.0.0.1 at 2010-06-27 22:02:38 -0700

ActionController::RoutingError (No route matches "/avatars/original/missing.png"):
/Users/Will/.rvm/gems/ruby-1.9.2-preview3/gems/actionpack-3.0.0.beta4/lib/action_dispatch/middleware/show_exceptions.rb:55:in `call'
  /Users/Will/.rvm/gems/ruby-1.9.2-preview3/gems/railties-3.0.0.beta4/lib/rails/rack/logger.rb:14:in `call'
  /Users/Will/.rvm/gems/ruby-1.9.2-preview3/gems/rack-1.1.0/lib/rack/runtime.rb:17:in `call'
  /Users/Will/.rvm/gems/ruby-1.9.2-preview3/gems/activesupport-3.0.0.beta4/lib/active_support/cache/strategy/local_cache.rb:72:in `call'
  /Users/Will/.rvm/gems/ruby-1.9.2-preview3/gems/rack-1.1.0/lib/rack/lock.rb:11:in `block in call'
  <internal:prelude>:10:in `synchronize'
  /Users/Will/.rvm/gems/ruby-1.9.2-preview3/gems/rack-1.1.0/lib/rack/lock.rb:11:in `call'
  /Users/Will/.rvm/gems/ruby-1.9.2-preview3/gems/actionpack-3.0.0.beta4/lib/action_dispatch/middleware/static.rb:30:in `call'
  /Users/Will/.rvm/gems/ruby-1.9.2-preview3/gems/railties-3.0.0.beta4/lib/rails/application.rb:145:in `call'
  /Users/Will/.rvm/gems/ruby-1.9.2-preview3/gems/railties-3.0.0.beta4/lib/rails/application.rb:81:in `method_missing'
  /Users/Will/.rvm/gems/ruby-1.9.2-preview3/gems/railties-3.0.0.beta4/lib/rails/rack/log_tailer.rb:15:in `call'
  /Users/Will/.rvm/gems/ruby-1.9.2-preview3/gems/rack-1.1.0/lib/rack/content_length.rb:13:in `call'
  /Users/Will/.rvm/gems/ruby-1.9.2-preview3/gems/rack-1.1.0/lib/rack/handler/webrick.rb:48:in `service'
  /Users/Will/.rvm/rubies/ruby-1.9.2-preview3/lib/ruby/1.9.1/webrick/httpserver.rb:111:in `service'
  /Users/Will/.rvm/rubies/ruby-1.9.2-preview3/lib/ruby/1.9.1/webrick/httpserver.rb:70:in `run'
  /Users/Will/.rvm/rubies/ruby-1.9.2-preview3/lib/ruby/1.9.1/webrick/server.rb:183:in `block in start_thread'

Rendered /Users/Will/.rvm/gems/ruby-1.9.2-preview3/gems/actionpack-3.0.0.beta4/lib/action_dispatch/middleware/templates/rescues/routing_error.erb within rescues/layout (1.2ms)


Started GET "/" for 127.0.0.1 at 2010-06-27 23:41:28 -0700
DEPRECATION WARNING: Setting filter_parameter_logging in ActionController is deprecated and has no longer effect, please set 'config.filter_parameters' in config/application.rb instead. (called from <class:ApplicationController> at /Users/Will/programming/projects/railsapps/braaainz/Brains/app/controllers/application_controller.rb:6)
  Processing by ProblemsController#index as HTML
  [1m[36mUser Load (1.7ms)[0m  [1mSELECT "users".* FROM "users" WHERE ("users"."id" = 5) LIMIT 1[0m
  [1m[35mCACHE (0.0ms)[0m  SELECT "users".* FROM "users" WHERE ("users"."id" = 5) LIMIT 1
  [1m[36mSQL (0.9ms)[0m  [1mUPDATE "users" SET "last_request_at" = '2010-06-28 06:41:28.810218', "perishable_token" = 'hPdLXkbkJOlgZEX3IxYg' WHERE ("users"."id" = 5)[0m
[paperclip] Saving attachments.
  [1m[35mProblem Load (10.2ms)[0m  SELECT "problems".* FROM "problems"
  [1m[36mUser Load (0.5ms)[0m  [1mSELECT "users".* FROM "users" WHERE ("users"."id" = 2) LIMIT 1[0m
  [1m[35mUser Load (2.0ms)[0m  SELECT "users".* FROM "users" WHERE ("users"."id" = 5) LIMIT 1
Rendered problems/index.html.erb within layouts/application (40.1ms)
Completed 200 OK in 354ms (Views: 65.2ms | ActiveRecord: 15.2ms)


Started GET "/avatars/original/missing.png" for 127.0.0.1 at 2010-06-27 23:41:28 -0700

ActionController::RoutingError (No route matches "/avatars/original/missing.png"):
/Users/Will/.rvm/gems/ruby-1.9.2-preview3/gems/actionpack-3.0.0.beta4/lib/action_dispatch/middleware/show_exceptions.rb:55:in `call'
  /Users/Will/.rvm/gems/ruby-1.9.2-preview3/gems/railties-3.0.0.beta4/lib/rails/rack/logger.rb:14:in `call'
  /Users/Will/.rvm/gems/ruby-1.9.2-preview3/gems/rack-1.1.0/lib/rack/runtime.rb:17:in `call'
  /Users/Will/.rvm/gems/ruby-1.9.2-preview3/gems/activesupport-3.0.0.beta4/lib/active_support/cache/strategy/local_cache.rb:72:in `call'
  /Users/Will/.rvm/gems/ruby-1.9.2-preview3/gems/rack-1.1.0/lib/rack/lock.rb:11:in `block in call'
  <internal:prelude>:10:in `synchronize'
  /Users/Will/.rvm/gems/ruby-1.9.2-preview3/gems/rack-1.1.0/lib/rack/lock.rb:11:in `call'
  /Users/Will/.rvm/gems/ruby-1.9.2-preview3/gems/actionpack-3.0.0.beta4/lib/action_dispatch/middleware/static.rb:30:in `call'
  /Users/Will/.rvm/gems/ruby-1.9.2-preview3/gems/railties-3.0.0.beta4/lib/rails/application.rb:145:in `call'
  /Users/Will/.rvm/gems/ruby-1.9.2-preview3/gems/railties-3.0.0.beta4/lib/rails/application.rb:81:in `method_missing'
  /Users/Will/.rvm/gems/ruby-1.9.2-preview3/gems/railties-3.0.0.beta4/lib/rails/rack/log_tailer.rb:15:in `call'
  /Users/Will/.rvm/gems/ruby-1.9.2-preview3/gems/rack-1.1.0/lib/rack/content_length.rb:13:in `call'
  /Users/Will/.rvm/gems/ruby-1.9.2-preview3/gems/rack-1.1.0/lib/rack/handler/webrick.rb:48:in `service'
  /Users/Will/.rvm/rubies/ruby-1.9.2-preview3/lib/ruby/1.9.1/webrick/httpserver.rb:111:in `service'
  /Users/Will/.rvm/rubies/ruby-1.9.2-preview3/lib/ruby/1.9.1/webrick/httpserver.rb:70:in `run'
  /Users/Will/.rvm/rubies/ruby-1.9.2-preview3/lib/ruby/1.9.1/webrick/server.rb:183:in `block in start_thread'

Rendered /Users/Will/.rvm/gems/ruby-1.9.2-preview3/gems/actionpack-3.0.0.beta4/lib/action_dispatch/middleware/templates/rescues/routing_error.erb within rescues/layout (1.4ms)


Started GET "/" for 127.0.0.1 at 2010-06-27 23:49:46 -0700
DEPRECATION WARNING: Setting filter_parameter_logging in ActionController is deprecated and has no longer effect, please set 'config.filter_parameters' in config/application.rb instead. (called from <class:ApplicationController> at /Users/Will/programming/projects/railsapps/braaainz/Brains/app/controllers/application_controller.rb:6)
  Processing by ProblemsController#index as HTML
DEPRECATION WARNING: Using #request_uri is deprecated. Use fullpath instead. (called from store_location at /Users/Will/programming/projects/railsapps/braaainz/Brains/app/controllers/application_controller.rb:38)
Redirected to http://localhost:3000/user_session/new
Completed 302 Found in 82ms


Started GET "/user_session/new" for 127.0.0.1 at 2010-06-27 23:49:46 -0700
DEPRECATION WARNING: Setting filter_parameter_logging in ActionController is deprecated and has no longer effect, please set 'config.filter_parameters' in config/application.rb instead. (called from <class:ApplicationController> at /Users/Will/programming/projects/railsapps/braaainz/Brains/app/controllers/application_controller.rb:6)
  Processing by UserSessionsController#new as HTML
DEPRECATION WARNING: f.error_messages was removed from Rails and is now available as a plugin. Please install it with `rails plugin install git://github.com/rails/dynamic_form.git`. (called from block in _render_template__800889593_29177580__503530415 at /Users/Will/programming/projects/railsapps/braaainz/Brains/app/views/user_sessions/new.html.erb:4)
DEPRECATION WARNING: <% %> style block helpers are deprecated. Please use <%= %>. (called from _render_template__800889593_29177580__503530415 at /Users/Will/programming/projects/railsapps/braaainz/Brains/app/views/user_sessions/new.html.erb:3)
Rendered user_sessions/new.html.erb within layouts/application (6.7ms)
Completed 200 OK in 106ms (Views: 25.4ms | ActiveRecord: 0.0ms)


Started POST "/user_session" for 127.0.0.1 at 2010-06-27 23:49:55 -0700
DEPRECATION WARNING: Setting filter_parameter_logging in ActionController is deprecated and has no longer effect, please set 'config.filter_parameters' in config/application.rb instead. (called from <class:ApplicationController> at /Users/Will/programming/projects/railsapps/braaainz/Brains/app/controllers/application_controller.rb:6)
  Processing by UserSessionsController#create as HTML
  Parameters: {"authenticity_token"=>"LzczoYaYNafy4cHQkfxCuHXHpwVHSjbcngoGeHSCwJw=", "user_session"=>{"login"=>"will", "password"=>"[FILTERED]", "remember_me"=>"0"}, "commit"=>"Login"}
  [1m[36mUser Load (2.6ms)[0m  [1mSELECT "users".* FROM "users" WHERE (LOWER("users".login) = 'will') LIMIT 1[0m
  [1m[35mSQL (0.9ms)[0m  UPDATE "users" SET "current_login_at" = '2010-06-28 06:49:56.118350', "last_login_at" = '2010-06-28 04:40:49.753146', "last_login_ip" = '127.0.0.1', "last_request_at" = '2010-06-28 06:49:56.118814', "login_count" = 2, "perishable_token" = 'znpf5wFd6YGsSfrRwJ4z' WHERE ("users"."id" = 5)
[paperclip] Saving attachments.
Redirected to http://localhost:3000/problems
Completed 302 Found in 321ms


Started GET "/problems" for 127.0.0.1 at 2010-06-27 23:49:56 -0700
DEPRECATION WARNING: Setting filter_parameter_logging in ActionController is deprecated and has no longer effect, please set 'config.filter_parameters' in config/application.rb instead. (called from <class:ApplicationController> at /Users/Will/programming/projects/railsapps/braaainz/Brains/app/controllers/application_controller.rb:6)
  Processing by ProblemsController#index as HTML
  [1m[36mUser Load (1.4ms)[0m  [1mSELECT "users".* FROM "users" WHERE ("users"."id" = 5) LIMIT 1[0m
  [1m[35mCACHE (0.0ms)[0m  SELECT "users".* FROM "users" WHERE ("users"."id" = 5) LIMIT 1
  [1m[36mSQL (0.9ms)[0m  [1mUPDATE "users" SET "last_request_at" = '2010-06-28 06:49:56.408210', "perishable_token" = 'JWb8-Q-fRugZvybveqdB' WHERE ("users"."id" = 5)[0m
[paperclip] Saving attachments.
  [1m[35mProblem Load (0.5ms)[0m  SELECT "problems".* FROM "problems"
  [1m[36mUser Load (0.5ms)[0m  [1mSELECT "users".* FROM "users" WHERE ("users"."id" = 2) LIMIT 1[0m
  [1m[35mUser Load (3.5ms)[0m  SELECT "users".* FROM "users" WHERE ("users"."id" = 5) LIMIT 1
Rendered problems/index.html.erb within layouts/application (41.5ms)
Completed 200 OK in 207ms (Views: 49.9ms | ActiveRecord: 6.8ms)


Started GET "/avatars/original/missing.png" for 127.0.0.1 at 2010-06-27 23:49:56 -0700

ActionController::RoutingError (No route matches "/avatars/original/missing.png"):
/Users/Will/.rvm/gems/ruby-1.9.2-preview3/gems/actionpack-3.0.0.beta4/lib/action_dispatch/middleware/show_exceptions.rb:55:in `call'
  /Users/Will/.rvm/gems/ruby-1.9.2-preview3/gems/railties-3.0.0.beta4/lib/rails/rack/logger.rb:14:in `call'
  /Users/Will/.rvm/gems/ruby-1.9.2-preview3/gems/rack-1.1.0/lib/rack/runtime.rb:17:in `call'
  /Users/Will/.rvm/gems/ruby-1.9.2-preview3/gems/activesupport-3.0.0.beta4/lib/active_support/cache/strategy/local_cache.rb:72:in `call'
  /Users/Will/.rvm/gems/ruby-1.9.2-preview3/gems/rack-1.1.0/lib/rack/lock.rb:11:in `block in call'
  <internal:prelude>:10:in `synchronize'
  /Users/Will/.rvm/gems/ruby-1.9.2-preview3/gems/rack-1.1.0/lib/rack/lock.rb:11:in `call'
  /Users/Will/.rvm/gems/ruby-1.9.2-preview3/gems/actionpack-3.0.0.beta4/lib/action_dispatch/middleware/static.rb:30:in `call'
  /Users/Will/.rvm/gems/ruby-1.9.2-preview3/gems/railties-3.0.0.beta4/lib/rails/application.rb:145:in `call'
  /Users/Will/.rvm/gems/ruby-1.9.2-preview3/gems/railties-3.0.0.beta4/lib/rails/application.rb:81:in `method_missing'
  /Users/Will/.rvm/gems/ruby-1.9.2-preview3/gems/railties-3.0.0.beta4/lib/rails/rack/log_tailer.rb:15:in `call'
  /Users/Will/.rvm/gems/ruby-1.9.2-preview3/gems/rack-1.1.0/lib/rack/content_length.rb:13:in `call'
  /Users/Will/.rvm/gems/ruby-1.9.2-preview3/gems/rack-1.1.0/lib/rack/handler/webrick.rb:48:in `service'
  /Users/Will/.rvm/rubies/ruby-1.9.2-preview3/lib/ruby/1.9.1/webrick/httpserver.rb:111:in `service'
  /Users/Will/.rvm/rubies/ruby-1.9.2-preview3/lib/ruby/1.9.1/webrick/httpserver.rb:70:in `run'
  /Users/Will/.rvm/rubies/ruby-1.9.2-preview3/lib/ruby/1.9.1/webrick/server.rb:183:in `block in start_thread'

Rendered /Users/Will/.rvm/gems/ruby-1.9.2-preview3/gems/actionpack-3.0.0.beta4/lib/action_dispatch/middleware/templates/rescues/routing_error.erb within rescues/layout (1.4ms)


Started GET "/" for 127.0.0.1 at 2010-06-28 20:47:17 -0700
DEPRECATION WARNING: Setting filter_parameter_logging in ActionController is deprecated and has no longer effect, please set 'config.filter_parameters' in config/application.rb instead. (called from <class:ApplicationController> at /Users/Will/programming/projects/railsapps/braaainz/Brains/app/controllers/application_controller.rb:6)
  Processing by ProblemsController#index as HTML
DEPRECATION WARNING: Using #request_uri is deprecated. Use fullpath instead. (called from store_location at /Users/Will/programming/projects/railsapps/braaainz/Brains/app/controllers/application_controller.rb:38)
Redirected to http://localhost:3000/user_session/new
Completed 302 Found in 212ms


Started GET "/user_session/new" for 127.0.0.1 at 2010-06-28 20:47:19 -0700
DEPRECATION WARNING: Setting filter_parameter_logging in ActionController is deprecated and has no longer effect, please set 'config.filter_parameters' in config/application.rb instead. (called from <class:ApplicationController> at /Users/Will/programming/projects/railsapps/braaainz/Brains/app/controllers/application_controller.rb:6)
  Processing by UserSessionsController#new as HTML
DEPRECATION WARNING: f.error_messages was removed from Rails and is now available as a plugin. Please install it with `rails plugin install git://github.com/rails/dynamic_form.git`. (called from block in _render_template_60979721_11216610__752330491 at /Users/Will/programming/projects/railsapps/braaainz/Brains/app/views/user_sessions/new.html.erb:4)
DEPRECATION WARNING: <% %> style block helpers are deprecated. Please use <%= %>. (called from _render_template_60979721_11216610__752330491 at /Users/Will/programming/projects/railsapps/braaainz/Brains/app/views/user_sessions/new.html.erb:3)
Rendered user_sessions/new.html.erb within layouts/application (7.0ms)
Completed 200 OK in 84ms (Views: 18.9ms | ActiveRecord: 0.0ms)
  [1m[36mSQL (1.7ms)[0m  [1m SELECT name
 FROM sqlite_master
 WHERE type = 'table' AND NOT name = 'sqlite_sequence'
[0m
  [1m[35mSQL (0.3ms)[0m   SELECT name
 FROM sqlite_master
 WHERE type = 'table' AND NOT name = 'sqlite_sequence'
  [1m[36mSQL (0.3ms)[0m  [1mSELECT "schema_migrations"."version" FROM "schema_migrations"[0m
  [1m[35mSQL (12.8ms)[0m  select sqlite_version(*)
  [1m[36mSQL (0.3ms)[0m  [1m SELECT name
 FROM sqlite_master
 WHERE type = 'table' AND NOT name = 'sqlite_sequence'
[0m
  [1m[35mSQL (4.4ms)[0m  CREATE TABLE "problems" ("id" INTEGER PRIMARY KEY AUTOINCREMENT NOT NULL, "title" varchar(255), "desciption" text, "solution" text, "user_id" integer, "created_at" datetime, "updated_at" datetime) 
  [1m[36mSQL (0.3ms)[0m  [1m SELECT name
 FROM sqlite_master
 WHERE type = 'table' AND NOT name = 'sqlite_sequence'
[0m
  [1m[35mSQL (2.9ms)[0m  CREATE TABLE "users" ("id" INTEGER PRIMARY KEY AUTOINCREMENT NOT NULL, "login" varchar(255) NOT NULL, "email" varchar(255) NOT NULL, "crypted_password" varchar(255) NOT NULL, "password_salt" varchar(255) NOT NULL, "persistence_token" varchar(255) NOT NULL, "single_access_token" varchar(255) NOT NULL, "perishable_token" varchar(255) NOT NULL, "login_count" integer DEFAULT 0 NOT NULL, "failed_login_count" integer DEFAULT 0 NOT NULL, "last_request_at" datetime, "current_login_at" datetime, "last_login_at" datetime, "current_login_ip" varchar(255), "last_login_ip" varchar(255), "avatar_file_name" varchar(255), "avatar_content_type" varchar(255), "avatar_file_size" integer, "avatar_updated_at" datetime) 
  [1m[36mSQL (0.2ms)[0m  [1m SELECT name
 FROM sqlite_master
 WHERE type = 'table' AND NOT name = 'sqlite_sequence'
[0m
  [1m[35mSQL (2.3ms)[0m  CREATE TABLE "schema_migrations" ("version" varchar(255) NOT NULL) 
  [1m[36mSQL (0.1ms)[0m  [1mPRAGMA index_list("schema_migrations")[0m
  [1m[35mSQL (2.4ms)[0m  CREATE UNIQUE INDEX "unique_schema_migrations" ON "schema_migrations" ("version")
  [1m[36mSQL (0.2ms)[0m  [1m SELECT name
 FROM sqlite_master
 WHERE type = 'table' AND NOT name = 'sqlite_sequence'
[0m
  [1m[35mSQL (0.1ms)[0m  SELECT version FROM "schema_migrations"
  [1m[36mSQL (2.2ms)[0m  [1mINSERT INTO "schema_migrations" (version) VALUES ('20100613185628')[0m
  [1m[35mSQL (3.1ms)[0m  INSERT INTO "schema_migrations" (version) VALUES ('20100612203900')
  [1m[36mSQL (2.3ms)[0m  [1mINSERT INTO "schema_migrations" (version) VALUES ('20100612210053')[0m
  [1m[36mSQL (0.9ms)[0m  [1m SELECT name
 FROM sqlite_master
 WHERE type = 'table' AND NOT name = 'sqlite_sequence'
[0m
  [1m[35mSQL (0.4ms)[0m   SELECT name
 FROM sqlite_master
 WHERE type = 'table' AND NOT name = 'sqlite_sequence'
  [1m[36mSQL (0.3ms)[0m  [1mSELECT "schema_migrations"."version" FROM "schema_migrations"[0m
  [1m[36mSQL (1.0ms)[0m  [1m SELECT name
 FROM sqlite_master
 WHERE type = 'table' AND NOT name = 'sqlite_sequence'
[0m
  [1m[35mSQL (0.3ms)[0m   SELECT name
 FROM sqlite_master
 WHERE type = 'table' AND NOT name = 'sqlite_sequence'
  [1m[36mSQL (0.2ms)[0m  [1mSELECT "schema_migrations"."version" FROM "schema_migrations"[0m
Migrating to CreateProblems (20100612203900)
Migrating to CreateUsers (20100612210053)
Migrating to AddImagesToUsers (20100613185628)
Migrating to CreateTags (20100702232826)
  [1m[35mSQL (0.1ms)[0m  select sqlite_version(*)
  [1m[36mSQL (57.4ms)[0m  [1mCREATE TABLE "tags" ("id" INTEGER PRIMARY KEY AUTOINCREMENT NOT NULL, "tag" varchar(255), "created_at" datetime, "updated_at" datetime) [0m
  [1m[35mSQL (0.2ms)[0m  INSERT INTO "schema_migrations" ("version") VALUES ('20100702232826')
  [1m[36mSQL (0.7ms)[0m  [1m SELECT name
 FROM sqlite_master
 WHERE type = 'table' AND NOT name = 'sqlite_sequence'
[0m
  [1m[35mSQL (0.3ms)[0m  SELECT "schema_migrations"."version" FROM "schema_migrations"
  [1m[36mSQL (0.3ms)[0m  [1m SELECT name
 FROM sqlite_master
 WHERE type = 'table' AND NOT name = 'sqlite_sequence'
[0m
  [1m[35mSQL (0.1ms)[0m  PRAGMA index_list("problems")
  [1m[36mSQL (0.1ms)[0m  [1mPRAGMA index_list("tags")[0m
  [1m[35mSQL (0.1ms)[0m  PRAGMA index_list("users")
  [1m[36mSQL (0.9ms)[0m  [1m SELECT name
 FROM sqlite_master
 WHERE type = 'table' AND NOT name = 'sqlite_sequence'
[0m
  [1m[35mSQL (0.3ms)[0m   SELECT name
 FROM sqlite_master
 WHERE type = 'table' AND NOT name = 'sqlite_sequence'
  [1m[36mSQL (0.2ms)[0m  [1mSELECT "schema_migrations"."version" FROM "schema_migrations"[0m
  [1m[35mSQL (0.2ms)[0m  select sqlite_version(*)
  [1m[36mSQL (0.3ms)[0m  [1m SELECT name
 FROM sqlite_master
 WHERE type = 'table' AND NOT name = 'sqlite_sequence'
[0m
  [1m[35mSQL (3.3ms)[0m  CREATE TABLE "problems" ("id" INTEGER PRIMARY KEY AUTOINCREMENT NOT NULL, "title" varchar(255), "desciption" text, "solution" text, "user_id" integer, "created_at" datetime, "updated_at" datetime) 
  [1m[36mSQL (0.2ms)[0m  [1m SELECT name
 FROM sqlite_master
 WHERE type = 'table' AND NOT name = 'sqlite_sequence'
[0m
  [1m[35mSQL (3.5ms)[0m  CREATE TABLE "tags" ("id" INTEGER PRIMARY KEY AUTOINCREMENT NOT NULL, "tag" varchar(255), "created_at" datetime, "updated_at" datetime) 
  [1m[36mSQL (0.2ms)[0m  [1m SELECT name
 FROM sqlite_master
 WHERE type = 'table' AND NOT name = 'sqlite_sequence'
[0m
  [1m[35mSQL (3.1ms)[0m  CREATE TABLE "users" ("id" INTEGER PRIMARY KEY AUTOINCREMENT NOT NULL, "login" varchar(255) NOT NULL, "email" varchar(255) NOT NULL, "crypted_password" varchar(255) NOT NULL, "password_salt" varchar(255) NOT NULL, "persistence_token" varchar(255) NOT NULL, "single_access_token" varchar(255) NOT NULL, "perishable_token" varchar(255) NOT NULL, "login_count" integer DEFAULT 0 NOT NULL, "failed_login_count" integer DEFAULT 0 NOT NULL, "last_request_at" datetime, "current_login_at" datetime, "last_login_at" datetime, "current_login_ip" varchar(255), "last_login_ip" varchar(255), "avatar_file_name" varchar(255), "avatar_content_type" varchar(255), "avatar_file_size" integer, "avatar_updated_at" datetime) 
  [1m[36mSQL (0.3ms)[0m  [1m SELECT name
 FROM sqlite_master
 WHERE type = 'table' AND NOT name = 'sqlite_sequence'
[0m
  [1m[35mSQL (5.5ms)[0m  CREATE TABLE "schema_migrations" ("version" varchar(255) NOT NULL) 
  [1m[36mSQL (0.1ms)[0m  [1mPRAGMA index_list("schema_migrations")[0m
  [1m[35mSQL (2.7ms)[0m  CREATE UNIQUE INDEX "unique_schema_migrations" ON "schema_migrations" ("version")
  [1m[36mSQL (0.3ms)[0m  [1m SELECT name
 FROM sqlite_master
 WHERE type = 'table' AND NOT name = 'sqlite_sequence'
[0m
  [1m[35mSQL (0.1ms)[0m  SELECT version FROM "schema_migrations"
  [1m[36mSQL (2.3ms)[0m  [1mINSERT INTO "schema_migrations" (version) VALUES ('20100702232826')[0m
  [1m[35mSQL (2.5ms)[0m  INSERT INTO "schema_migrations" (version) VALUES ('20100612203900')
  [1m[36mSQL (2.6ms)[0m  [1mINSERT INTO "schema_migrations" (version) VALUES ('20100612210053')[0m
  [1m[35mSQL (2.5ms)[0m  INSERT INTO "schema_migrations" (version) VALUES ('20100613185628')
  [1m[36mSQL (0.3ms)[0m  [1m SELECT name
 FROM sqlite_master
 WHERE type = 'table' AND NOT name = 'sqlite_sequence'
[0m
  [1m[35mSQL (0.5ms)[0m   SELECT name
 FROM sqlite_master
 WHERE type = 'table' AND NOT name = 'sqlite_sequence'
  [1m[36mSQL (0.3ms)[0m  [1m SELECT name
 FROM sqlite_master
 WHERE type = 'table' AND NOT name = 'sqlite_sequence'
[0m
  [1m[35mUser Load (0.2ms)[0m  SELECT "users"."id" FROM "users" WHERE ("users"."persistence_token" = '4637a7e3797c9fc879ac5480d7a0e06e02f53a99ff88772e1d23a044a8b611a423dcc1158d7bf97cdca0abc4ce55cb260556cb8ecce4e99fc7bfa13f65b96906') LIMIT 1
  [1m[36mUser Load (0.1ms)[0m  [1mSELECT "users"."id" FROM "users" WHERE ("users"."single_access_token" = 'cqxHd945uKC2PtfiBRKV') LIMIT 1[0m
  [1m[35mUser Load (0.3ms)[0m  SELECT "users"."id" FROM "users" WHERE ("users"."persistence_token" = '4637a7e3797c9fc879ac5480d7a0e06e02f53a99ff88772e1d23a044a8b611a423dcc1158d7bf97cdca0abc4ce55cb260556cb8ecce4e99fc7bfa13f65b96906') LIMIT 1
  [1m[36mUser Load (0.1ms)[0m  [1mSELECT "users"."id" FROM "users" WHERE ("users"."single_access_token" = 'cqxHd945uKC2PtfiBRKV') LIMIT 1[0m
  [1m[35mUser Load (0.3ms)[0m  SELECT "users"."id" FROM "users" WHERE (LOWER("users"."login") = LOWER('bob')) LIMIT 1
  [1m[36mUser Load (0.2ms)[0m  [1mSELECT "users"."id" FROM "users" WHERE ("users"."persistence_token" = '4637a7e3797c9fc879ac5480d7a0e06e02f53a99ff88772e1d23a044a8b611a423dcc1158d7bf97cdca0abc4ce55cb260556cb8ecce4e99fc7bfa13f65b96906') LIMIT 1[0m
  [1m[35mUser Load (0.2ms)[0m  SELECT "users"."id" FROM "users" WHERE ("users"."single_access_token" = 'cqxHd945uKC2PtfiBRKV') LIMIT 1
  [1m[36mSQL (0.9ms)[0m  [1m SELECT name
 FROM sqlite_master
 WHERE type = 'table' AND NOT name = 'sqlite_sequence'
[0m
  [1m[35mSQL (0.4ms)[0m   SELECT name
 FROM sqlite_master
 WHERE type = 'table' AND NOT name = 'sqlite_sequence'
  [1m[36mSQL (0.3ms)[0m  [1mSELECT "schema_migrations"."version" FROM "schema_migrations"[0m
  [1m[35mSQL (0.2ms)[0m  select sqlite_version(*)
  [1m[36mSQL (0.2ms)[0m  [1m SELECT name
 FROM sqlite_master
 WHERE type = 'table' AND NOT name = 'sqlite_sequence'
[0m
  [1m[35mSQL (3.5ms)[0m  CREATE TABLE "problems" ("id" INTEGER PRIMARY KEY AUTOINCREMENT NOT NULL, "title" varchar(255), "desciption" text, "solution" text, "user_id" integer, "created_at" datetime, "updated_at" datetime) 
  [1m[36mSQL (0.3ms)[0m  [1m SELECT name
 FROM sqlite_master
 WHERE type = 'table' AND NOT name = 'sqlite_sequence'
[0m
  [1m[35mSQL (4.1ms)[0m  CREATE TABLE "tags" ("id" INTEGER PRIMARY KEY AUTOINCREMENT NOT NULL, "tag" varchar(255), "created_at" datetime, "updated_at" datetime) 
  [1m[36mSQL (0.2ms)[0m  [1m SELECT name
 FROM sqlite_master
 WHERE type = 'table' AND NOT name = 'sqlite_sequence'
[0m
  [1m[35mSQL (3.1ms)[0m  CREATE TABLE "users" ("id" INTEGER PRIMARY KEY AUTOINCREMENT NOT NULL, "login" varchar(255) NOT NULL, "email" varchar(255) NOT NULL, "crypted_password" varchar(255) NOT NULL, "password_salt" varchar(255) NOT NULL, "persistence_token" varchar(255) NOT NULL, "single_access_token" varchar(255) NOT NULL, "perishable_token" varchar(255) NOT NULL, "login_count" integer DEFAULT 0 NOT NULL, "failed_login_count" integer DEFAULT 0 NOT NULL, "last_request_at" datetime, "current_login_at" datetime, "last_login_at" datetime, "current_login_ip" varchar(255), "last_login_ip" varchar(255), "avatar_file_name" varchar(255), "avatar_content_type" varchar(255), "avatar_file_size" integer, "avatar_updated_at" datetime) 
  [1m[36mSQL (0.3ms)[0m  [1m SELECT name
 FROM sqlite_master
 WHERE type = 'table' AND NOT name = 'sqlite_sequence'
[0m
  [1m[35mSQL (2.3ms)[0m  CREATE TABLE "schema_migrations" ("version" varchar(255) NOT NULL) 
  [1m[36mSQL (0.1ms)[0m  [1mPRAGMA index_list("schema_migrations")[0m
  [1m[35mSQL (4.9ms)[0m  CREATE UNIQUE INDEX "unique_schema_migrations" ON "schema_migrations" ("version")
  [1m[36mSQL (0.2ms)[0m  [1m SELECT name
 FROM sqlite_master
 WHERE type = 'table' AND NOT name = 'sqlite_sequence'
[0m
  [1m[35mSQL (0.1ms)[0m  SELECT version FROM "schema_migrations"
  [1m[36mSQL (2.3ms)[0m  [1mINSERT INTO "schema_migrations" (version) VALUES ('20100702232826')[0m
  [1m[35mSQL (2.3ms)[0m  INSERT INTO "schema_migrations" (version) VALUES ('20100612203900')
  [1m[36mSQL (2.2ms)[0m  [1mINSERT INTO "schema_migrations" (version) VALUES ('20100612210053')[0m
  [1m[35mSQL (2.0ms)[0m  INSERT INTO "schema_migrations" (version) VALUES ('20100613185628')
  [1m[36mSQL (1.0ms)[0m  [1m SELECT name
 FROM sqlite_master
 WHERE type = 'table' AND NOT name = 'sqlite_sequence'
[0m
  [1m[35mSQL (0.3ms)[0m   SELECT name
 FROM sqlite_master
 WHERE type = 'table' AND NOT name = 'sqlite_sequence'
  [1m[36mSQL (0.2ms)[0m  [1mSELECT "schema_migrations"."version" FROM "schema_migrations"[0m
  [1m[35mSQL (0.2ms)[0m  select sqlite_version(*)
  [1m[36mSQL (0.2ms)[0m  [1m SELECT name
 FROM sqlite_master
 WHERE type = 'table' AND NOT name = 'sqlite_sequence'
[0m
  [1m[35mSQL (231.5ms)[0m  CREATE TABLE "problems" ("id" INTEGER PRIMARY KEY AUTOINCREMENT NOT NULL, "title" varchar(255), "desciption" text, "solution" text, "user_id" integer, "created_at" datetime, "updated_at" datetime) 
  [1m[36mSQL (0.3ms)[0m  [1m SELECT name
 FROM sqlite_master
 WHERE type = 'table' AND NOT name = 'sqlite_sequence'
[0m
  [1m[35mSQL (2.5ms)[0m  CREATE TABLE "tags" ("id" INTEGER PRIMARY KEY AUTOINCREMENT NOT NULL, "tag" varchar(255), "created_at" datetime, "updated_at" datetime) 
  [1m[36mSQL (0.3ms)[0m  [1m SELECT name
 FROM sqlite_master
 WHERE type = 'table' AND NOT name = 'sqlite_sequence'
[0m
  [1m[35mSQL (35.0ms)[0m  CREATE TABLE "users" ("id" INTEGER PRIMARY KEY AUTOINCREMENT NOT NULL, "login" varchar(255) NOT NULL, "email" varchar(255) NOT NULL, "crypted_password" varchar(255) NOT NULL, "password_salt" varchar(255) NOT NULL, "persistence_token" varchar(255) NOT NULL, "single_access_token" varchar(255) NOT NULL, "perishable_token" varchar(255) NOT NULL, "login_count" integer DEFAULT 0 NOT NULL, "failed_login_count" integer DEFAULT 0 NOT NULL, "last_request_at" datetime, "current_login_at" datetime, "last_login_at" datetime, "current_login_ip" varchar(255), "last_login_ip" varchar(255), "avatar_file_name" varchar(255), "avatar_content_type" varchar(255), "avatar_file_size" integer, "avatar_updated_at" datetime) 
  [1m[36mSQL (0.4ms)[0m  [1m SELECT name
 FROM sqlite_master
 WHERE type = 'table' AND NOT name = 'sqlite_sequence'
[0m
  [1m[35mSQL (3.3ms)[0m  CREATE TABLE "schema_migrations" ("version" varchar(255) NOT NULL) 
  [1m[36mSQL (0.1ms)[0m  [1mPRAGMA index_list("schema_migrations")[0m
  [1m[35mSQL (2.5ms)[0m  CREATE UNIQUE INDEX "unique_schema_migrations" ON "schema_migrations" ("version")
  [1m[36mSQL (0.3ms)[0m  [1m SELECT name
 FROM sqlite_master
 WHERE type = 'table' AND NOT name = 'sqlite_sequence'
[0m
  [1m[35mSQL (0.1ms)[0m  SELECT version FROM "schema_migrations"
  [1m[36mSQL (2.3ms)[0m  [1mINSERT INTO "schema_migrations" (version) VALUES ('20100702232826')[0m
  [1m[35mSQL (2.4ms)[0m  INSERT INTO "schema_migrations" (version) VALUES ('20100612203900')
  [1m[36mSQL (2.3ms)[0m  [1mINSERT INTO "schema_migrations" (version) VALUES ('20100612210053')[0m
  [1m[35mSQL (2.3ms)[0m  INSERT INTO "schema_migrations" (version) VALUES ('20100613185628')
  [1m[36mUser Load (0.3ms)[0m  [1mSELECT "users"."id" FROM "users" WHERE (LOWER("users"."login") = LOWER('b!b')) LIMIT 1[0m
  [1m[35mUser Load (0.2ms)[0m  SELECT "users"."id" FROM "users" WHERE ("users"."persistence_token" = '4637a7e3797c9fc879ac5480d7a0e06e02f53a99ff88772e1d23a044a8b611a423dcc1158d7bf97cdca0abc4ce55cb260556cb8ecce4e99fc7bfa13f65b96906') LIMIT 1
  [1m[36mUser Load (0.1ms)[0m  [1mSELECT "users"."id" FROM "users" WHERE ("users"."single_access_token" = 'cqxHd945uKC2PtfiBRKV') LIMIT 1[0m
  [1m[35mUser Load (0.3ms)[0m  SELECT "users"."id" FROM "users" WHERE (LOWER("users"."login") = LOWER('bb')) LIMIT 1
  [1m[36mUser Load (0.2ms)[0m  [1mSELECT "users"."id" FROM "users" WHERE ("users"."persistence_token" = '4637a7e3797c9fc879ac5480d7a0e06e02f53a99ff88772e1d23a044a8b611a423dcc1158d7bf97cdca0abc4ce55cb260556cb8ecce4e99fc7bfa13f65b96906') LIMIT 1[0m
  [1m[35mUser Load (0.1ms)[0m  SELECT "users"."id" FROM "users" WHERE ("users"."single_access_token" = 'cqxHd945uKC2PtfiBRKV') LIMIT 1
  [1m[36mSQL (1.0ms)[0m  [1m SELECT name
 FROM sqlite_master
 WHERE type = 'table' AND NOT name = 'sqlite_sequence'
[0m
  [1m[35mSQL (0.3ms)[0m   SELECT name
 FROM sqlite_master
 WHERE type = 'table' AND NOT name = 'sqlite_sequence'
  [1m[36mSQL (0.2ms)[0m  [1mSELECT "schema_migrations"."version" FROM "schema_migrations"[0m
  [1m[35mSQL (0.2ms)[0m  select sqlite_version(*)
  [1m[36mSQL (0.3ms)[0m  [1m SELECT name
 FROM sqlite_master
 WHERE type = 'table' AND NOT name = 'sqlite_sequence'
[0m
  [1m[35mSQL (3.8ms)[0m  CREATE TABLE "problems" ("id" INTEGER PRIMARY KEY AUTOINCREMENT NOT NULL, "title" varchar(255), "desciption" text, "solution" text, "user_id" integer, "created_at" datetime, "updated_at" datetime) 
  [1m[36mSQL (0.2ms)[0m  [1m SELECT name
 FROM sqlite_master
 WHERE type = 'table' AND NOT name = 'sqlite_sequence'
[0m
  [1m[35mSQL (2.4ms)[0m  CREATE TABLE "tags" ("id" INTEGER PRIMARY KEY AUTOINCREMENT NOT NULL, "tag" varchar(255), "created_at" datetime, "updated_at" datetime) 
  [1m[36mSQL (0.3ms)[0m  [1m SELECT name
 FROM sqlite_master
 WHERE type = 'table' AND NOT name = 'sqlite_sequence'
[0m
  [1m[35mSQL (3.2ms)[0m  CREATE TABLE "users" ("id" INTEGER PRIMARY KEY AUTOINCREMENT NOT NULL, "login" varchar(255) NOT NULL, "email" varchar(255) NOT NULL, "crypted_password" varchar(255) NOT NULL, "password_salt" varchar(255) NOT NULL, "persistence_token" varchar(255) NOT NULL, "single_access_token" varchar(255) NOT NULL, "perishable_token" varchar(255) NOT NULL, "login_count" integer DEFAULT 0 NOT NULL, "failed_login_count" integer DEFAULT 0 NOT NULL, "last_request_at" datetime, "current_login_at" datetime, "last_login_at" datetime, "current_login_ip" varchar(255), "last_login_ip" varchar(255), "avatar_file_name" varchar(255), "avatar_content_type" varchar(255), "avatar_file_size" integer, "avatar_updated_at" datetime) 
  [1m[36mSQL (0.3ms)[0m  [1m SELECT name
 FROM sqlite_master
 WHERE type = 'table' AND NOT name = 'sqlite_sequence'
[0m
  [1m[35mSQL (2.3ms)[0m  CREATE TABLE "schema_migrations" ("version" varchar(255) NOT NULL) 
  [1m[36mSQL (0.1ms)[0m  [1mPRAGMA index_list("schema_migrations")[0m
  [1m[35mSQL (2.4ms)[0m  CREATE UNIQUE INDEX "unique_schema_migrations" ON "schema_migrations" ("version")
  [1m[36mSQL (0.2ms)[0m  [1m SELECT name
 FROM sqlite_master
 WHERE type = 'table' AND NOT name = 'sqlite_sequence'
[0m
  [1m[35mSQL (0.1ms)[0m  SELECT version FROM "schema_migrations"
  [1m[36mSQL (3.4ms)[0m  [1mINSERT INTO "schema_migrations" (version) VALUES ('20100702232826')[0m
  [1m[35mSQL (2.4ms)[0m  INSERT INTO "schema_migrations" (version) VALUES ('20100612203900')
  [1m[36mSQL (2.4ms)[0m  [1mINSERT INTO "schema_migrations" (version) VALUES ('20100612210053')[0m
  [1m[35mSQL (2.4ms)[0m  INSERT INTO "schema_migrations" (version) VALUES ('20100613185628')
  [1m[36mSQL (1.0ms)[0m  [1m SELECT name
 FROM sqlite_master
 WHERE type = 'table' AND NOT name = 'sqlite_sequence'
[0m
  [1m[35mSQL (0.3ms)[0m   SELECT name
 FROM sqlite_master
 WHERE type = 'table' AND NOT name = 'sqlite_sequence'
  [1m[36mSQL (0.2ms)[0m  [1mSELECT "schema_migrations"."version" FROM "schema_migrations"[0m
  [1m[35mSQL (0.2ms)[0m  select sqlite_version(*)
  [1m[36mSQL (0.2ms)[0m  [1m SELECT name
 FROM sqlite_master
 WHERE type = 'table' AND NOT name = 'sqlite_sequence'
[0m
  [1m[35mSQL (3.0ms)[0m  CREATE TABLE "problems" ("id" INTEGER PRIMARY KEY AUTOINCREMENT NOT NULL, "title" varchar(255), "desciption" text, "solution" text, "user_id" integer, "created_at" datetime, "updated_at" datetime) 
  [1m[36mSQL (0.2ms)[0m  [1m SELECT name
 FROM sqlite_master
 WHERE type = 'table' AND NOT name = 'sqlite_sequence'
[0m
  [1m[35mSQL (2.3ms)[0m  CREATE TABLE "tags" ("id" INTEGER PRIMARY KEY AUTOINCREMENT NOT NULL, "tag" varchar(255), "created_at" datetime, "updated_at" datetime) 
  [1m[36mSQL (0.3ms)[0m  [1m SELECT name
 FROM sqlite_master
 WHERE type = 'table' AND NOT name = 'sqlite_sequence'
[0m
  [1m[35mSQL (3.0ms)[0m  CREATE TABLE "users" ("id" INTEGER PRIMARY KEY AUTOINCREMENT NOT NULL, "login" varchar(255) NOT NULL, "email" varchar(255) NOT NULL, "crypted_password" varchar(255) NOT NULL, "password_salt" varchar(255) NOT NULL, "persistence_token" varchar(255) NOT NULL, "single_access_token" varchar(255) NOT NULL, "perishable_token" varchar(255) NOT NULL, "login_count" integer DEFAULT 0 NOT NULL, "failed_login_count" integer DEFAULT 0 NOT NULL, "last_request_at" datetime, "current_login_at" datetime, "last_login_at" datetime, "current_login_ip" varchar(255), "last_login_ip" varchar(255), "avatar_file_name" varchar(255), "avatar_content_type" varchar(255), "avatar_file_size" integer, "avatar_updated_at" datetime) 
  [1m[36mSQL (0.3ms)[0m  [1m SELECT name
 FROM sqlite_master
 WHERE type = 'table' AND NOT name = 'sqlite_sequence'
[0m
  [1m[35mSQL (2.4ms)[0m  CREATE TABLE "schema_migrations" ("version" varchar(255) NOT NULL) 
  [1m[36mSQL (0.1ms)[0m  [1mPRAGMA index_list("schema_migrations")[0m
  [1m[35mSQL (2.4ms)[0m  CREATE UNIQUE INDEX "unique_schema_migrations" ON "schema_migrations" ("version")
  [1m[36mSQL (0.2ms)[0m  [1m SELECT name
 FROM sqlite_master
 WHERE type = 'table' AND NOT name = 'sqlite_sequence'
[0m
  [1m[35mSQL (0.1ms)[0m  SELECT version FROM "schema_migrations"
  [1m[36mSQL (2.5ms)[0m  [1mINSERT INTO "schema_migrations" (version) VALUES ('20100702232826')[0m
  [1m[35mSQL (2.3ms)[0m  INSERT INTO "schema_migrations" (version) VALUES ('20100612203900')
  [1m[36mSQL (2.3ms)[0m  [1mINSERT INTO "schema_migrations" (version) VALUES ('20100612210053')[0m
  [1m[35mSQL (2.4ms)[0m  INSERT INTO "schema_migrations" (version) VALUES ('20100613185628')
  [1m[36mSQL (0.9ms)[0m  [1m SELECT name
 FROM sqlite_master
 WHERE type = 'table' AND NOT name = 'sqlite_sequence'
[0m
  [1m[35mSQL (0.3ms)[0m   SELECT name
 FROM sqlite_master
 WHERE type = 'table' AND NOT name = 'sqlite_sequence'
  [1m[36mSQL (0.2ms)[0m  [1mSELECT "schema_migrations"."version" FROM "schema_migrations"[0m
  [1m[35mSQL (0.1ms)[0m  select sqlite_version(*)
  [1m[36mSQL (0.2ms)[0m  [1m SELECT name
 FROM sqlite_master
 WHERE type = 'table' AND NOT name = 'sqlite_sequence'
[0m
  [1m[35mSQL (2.8ms)[0m  CREATE TABLE "problems" ("id" INTEGER PRIMARY KEY AUTOINCREMENT NOT NULL, "title" varchar(255), "desciption" text, "solution" text, "user_id" integer, "created_at" datetime, "updated_at" datetime) 
  [1m[36mSQL (0.2ms)[0m  [1m SELECT name
 FROM sqlite_master
 WHERE type = 'table' AND NOT name = 'sqlite_sequence'
[0m
  [1m[35mSQL (2.2ms)[0m  CREATE TABLE "tags" ("id" INTEGER PRIMARY KEY AUTOINCREMENT NOT NULL, "tag" varchar(255), "created_at" datetime, "updated_at" datetime) 
  [1m[36mSQL (0.2ms)[0m  [1m SELECT name
 FROM sqlite_master
 WHERE type = 'table' AND NOT name = 'sqlite_sequence'
[0m
  [1m[35mSQL (2.8ms)[0m  CREATE TABLE "users" ("id" INTEGER PRIMARY KEY AUTOINCREMENT NOT NULL, "login" varchar(255) NOT NULL, "email" varchar(255) NOT NULL, "crypted_password" varchar(255) NOT NULL, "password_salt" varchar(255) NOT NULL, "persistence_token" varchar(255) NOT NULL, "single_access_token" varchar(255) NOT NULL, "perishable_token" varchar(255) NOT NULL, "login_count" integer DEFAULT 0 NOT NULL, "failed_login_count" integer DEFAULT 0 NOT NULL, "last_request_at" datetime, "current_login_at" datetime, "last_login_at" datetime, "current_login_ip" varchar(255), "last_login_ip" varchar(255), "avatar_file_name" varchar(255), "avatar_content_type" varchar(255), "avatar_file_size" integer, "avatar_updated_at" datetime) 
  [1m[36mSQL (0.3ms)[0m  [1m SELECT name
 FROM sqlite_master
 WHERE type = 'table' AND NOT name = 'sqlite_sequence'
[0m
  [1m[35mSQL (2.3ms)[0m  CREATE TABLE "schema_migrations" ("version" varchar(255) NOT NULL) 
  [1m[36mSQL (0.1ms)[0m  [1mPRAGMA index_list("schema_migrations")[0m
  [1m[35mSQL (2.3ms)[0m  CREATE UNIQUE INDEX "unique_schema_migrations" ON "schema_migrations" ("version")
  [1m[36mSQL (0.2ms)[0m  [1m SELECT name
 FROM sqlite_master
 WHERE type = 'table' AND NOT name = 'sqlite_sequence'
[0m
  [1m[35mSQL (0.1ms)[0m  SELECT version FROM "schema_migrations"
  [1m[36mSQL (2.6ms)[0m  [1mINSERT INTO "schema_migrations" (version) VALUES ('20100702232826')[0m
  [1m[35mSQL (2.2ms)[0m  INSERT INTO "schema_migrations" (version) VALUES ('20100612203900')
  [1m[36mSQL (2.6ms)[0m  [1mINSERT INTO "schema_migrations" (version) VALUES ('20100612210053')[0m
  [1m[35mSQL (3.2ms)[0m  INSERT INTO "schema_migrations" (version) VALUES ('20100613185628')
  [1m[36mSQL (1.0ms)[0m  [1m SELECT name
 FROM sqlite_master
 WHERE type = 'table' AND NOT name = 'sqlite_sequence'
[0m
  [1m[35mSQL (0.3ms)[0m   SELECT name
 FROM sqlite_master
 WHERE type = 'table' AND NOT name = 'sqlite_sequence'
  [1m[36mSQL (0.2ms)[0m  [1mSELECT "schema_migrations"."version" FROM "schema_migrations"[0m
  [1m[35mSQL (0.1ms)[0m  select sqlite_version(*)
  [1m[36mSQL (0.2ms)[0m  [1m SELECT name
 FROM sqlite_master
 WHERE type = 'table' AND NOT name = 'sqlite_sequence'
[0m
  [1m[35mSQL (2.8ms)[0m  CREATE TABLE "problems" ("id" INTEGER PRIMARY KEY AUTOINCREMENT NOT NULL, "title" varchar(255), "desciption" text, "solution" text, "user_id" integer, "created_at" datetime, "updated_at" datetime) 
  [1m[36mSQL (0.2ms)[0m  [1m SELECT name
 FROM sqlite_master
 WHERE type = 'table' AND NOT name = 'sqlite_sequence'
[0m
  [1m[35mSQL (2.2ms)[0m  CREATE TABLE "tags" ("id" INTEGER PRIMARY KEY AUTOINCREMENT NOT NULL, "tag" varchar(255), "created_at" datetime, "updated_at" datetime) 
  [1m[36mSQL (0.2ms)[0m  [1m SELECT name
 FROM sqlite_master
 WHERE type = 'table' AND NOT name = 'sqlite_sequence'
[0m
  [1m[35mSQL (3.4ms)[0m  CREATE TABLE "users" ("id" INTEGER PRIMARY KEY AUTOINCREMENT NOT NULL, "login" varchar(255) NOT NULL, "email" varchar(255) NOT NULL, "crypted_password" varchar(255) NOT NULL, "password_salt" varchar(255) NOT NULL, "persistence_token" varchar(255) NOT NULL, "single_access_token" varchar(255) NOT NULL, "perishable_token" varchar(255) NOT NULL, "login_count" integer DEFAULT 0 NOT NULL, "failed_login_count" integer DEFAULT 0 NOT NULL, "last_request_at" datetime, "current_login_at" datetime, "last_login_at" datetime, "current_login_ip" varchar(255), "last_login_ip" varchar(255), "avatar_file_name" varchar(255), "avatar_content_type" varchar(255), "avatar_file_size" integer, "avatar_updated_at" datetime) 
  [1m[36mSQL (0.3ms)[0m  [1m SELECT name
 FROM sqlite_master
 WHERE type = 'table' AND NOT name = 'sqlite_sequence'
[0m
  [1m[35mSQL (2.9ms)[0m  CREATE TABLE "schema_migrations" ("version" varchar(255) NOT NULL) 
  [1m[36mSQL (0.1ms)[0m  [1mPRAGMA index_list("schema_migrations")[0m
  [1m[35mSQL (2.7ms)[0m  CREATE UNIQUE INDEX "unique_schema_migrations" ON "schema_migrations" ("version")
  [1m[36mSQL (0.3ms)[0m  [1m SELECT name
 FROM sqlite_master
 WHERE type = 'table' AND NOT name = 'sqlite_sequence'
[0m
  [1m[35mSQL (0.1ms)[0m  SELECT version FROM "schema_migrations"
  [1m[36mSQL (2.8ms)[0m  [1mINSERT INTO "schema_migrations" (version) VALUES ('20100702232826')[0m
  [1m[35mSQL (2.9ms)[0m  INSERT INTO "schema_migrations" (version) VALUES ('20100612203900')
  [1m[36mSQL (2.8ms)[0m  [1mINSERT INTO "schema_migrations" (version) VALUES ('20100612210053')[0m
  [1m[35mSQL (2.7ms)[0m  INSERT INTO "schema_migrations" (version) VALUES ('20100613185628')
  [1m[36mSQL (0.9ms)[0m  [1m SELECT name
 FROM sqlite_master
 WHERE type = 'table' AND NOT name = 'sqlite_sequence'
[0m
  [1m[35mSQL (0.3ms)[0m   SELECT name
 FROM sqlite_master
 WHERE type = 'table' AND NOT name = 'sqlite_sequence'
  [1m[36mSQL (0.2ms)[0m  [1mSELECT "schema_migrations"."version" FROM "schema_migrations"[0m
  [1m[35mSQL (0.2ms)[0m  select sqlite_version(*)
  [1m[36mSQL (0.3ms)[0m  [1m SELECT name
 FROM sqlite_master
 WHERE type = 'table' AND NOT name = 'sqlite_sequence'
[0m
  [1m[35mSQL (40.9ms)[0m  CREATE TABLE "problems" ("id" INTEGER PRIMARY KEY AUTOINCREMENT NOT NULL, "title" varchar(255), "desciption" text, "solution" text, "user_id" integer, "created_at" datetime, "updated_at" datetime) 
  [1m[36mSQL (0.3ms)[0m  [1m SELECT name
 FROM sqlite_master
 WHERE type = 'table' AND NOT name = 'sqlite_sequence'
[0m
  [1m[35mSQL (2.4ms)[0m  CREATE TABLE "tags" ("id" INTEGER PRIMARY KEY AUTOINCREMENT NOT NULL, "tag" varchar(255), "created_at" datetime, "updated_at" datetime) 
  [1m[36mSQL (0.5ms)[0m  [1m SELECT name
 FROM sqlite_master
 WHERE type = 'table' AND NOT name = 'sqlite_sequence'
[0m
  [1m[35mSQL (3.4ms)[0m  CREATE TABLE "users" ("id" INTEGER PRIMARY KEY AUTOINCREMENT NOT NULL, "login" varchar(255) NOT NULL, "email" varchar(255) NOT NULL, "crypted_password" varchar(255) NOT NULL, "password_salt" varchar(255) NOT NULL, "persistence_token" varchar(255) NOT NULL, "single_access_token" varchar(255) NOT NULL, "perishable_token" varchar(255) NOT NULL, "login_count" integer DEFAULT 0 NOT NULL, "failed_login_count" integer DEFAULT 0 NOT NULL, "last_request_at" datetime, "current_login_at" datetime, "last_login_at" datetime, "current_login_ip" varchar(255), "last_login_ip" varchar(255), "avatar_file_name" varchar(255), "avatar_content_type" varchar(255), "avatar_file_size" integer, "avatar_updated_at" datetime) 
  [1m[36mSQL (0.3ms)[0m  [1m SELECT name
 FROM sqlite_master
 WHERE type = 'table' AND NOT name = 'sqlite_sequence'
[0m
  [1m[35mSQL (2.3ms)[0m  CREATE TABLE "schema_migrations" ("version" varchar(255) NOT NULL) 
  [1m[36mSQL (0.1ms)[0m  [1mPRAGMA index_list("schema_migrations")[0m
  [1m[35mSQL (2.3ms)[0m  CREATE UNIQUE INDEX "unique_schema_migrations" ON "schema_migrations" ("version")
  [1m[36mSQL (0.3ms)[0m  [1m SELECT name
 FROM sqlite_master
 WHERE type = 'table' AND NOT name = 'sqlite_sequence'
[0m
  [1m[35mSQL (0.1ms)[0m  SELECT version FROM "schema_migrations"
  [1m[36mSQL (2.4ms)[0m  [1mINSERT INTO "schema_migrations" (version) VALUES ('20100702232826')[0m
  [1m[35mSQL (2.3ms)[0m  INSERT INTO "schema_migrations" (version) VALUES ('20100612203900')
  [1m[36mSQL (2.7ms)[0m  [1mINSERT INTO "schema_migrations" (version) VALUES ('20100612210053')[0m
  [1m[35mSQL (3.6ms)[0m  INSERT INTO "schema_migrations" (version) VALUES ('20100613185628')
  [1m[36mUser Load (0.3ms)[0m  [1mSELECT "users"."id" FROM "users" WHERE (LOWER("users"."login") = LOWER('bb')) LIMIT 1[0m
  [1m[35mUser Load (0.2ms)[0m  SELECT "users"."id" FROM "users" WHERE ("users"."persistence_token" = 'b62dd22461753f3e6fce9b4d0d1f042719c304e4502ecdcb52ce697183eeae4f1be5b3c0643588eef991a02eda6362f0528b25b297f332461c11c584f98956d9') LIMIT 1
  [1m[36mUser Load (0.2ms)[0m  [1mSELECT "users"."id" FROM "users" WHERE ("users"."single_access_token" = 'cqxHd945uKC2PtfiBRKV') LIMIT 1[0m
  [1m[36mSQL (2.1ms)[0m  [1m SELECT name
 FROM sqlite_master
 WHERE type = 'table' AND NOT name = 'sqlite_sequence'
[0m
  [1m[35mSQL (0.5ms)[0m   SELECT name
 FROM sqlite_master
 WHERE type = 'table' AND NOT name = 'sqlite_sequence'
  [1m[36mSQL (0.5ms)[0m  [1mSELECT "schema_migrations"."version" FROM "schema_migrations"[0m
  [1m[35mSQL (6.6ms)[0m  select sqlite_version(*)
  [1m[36mSQL (2.5ms)[0m  [1m SELECT name
 FROM sqlite_master
 WHERE type = 'table' AND NOT name = 'sqlite_sequence'
[0m
  [1m[35mSQL (53.0ms)[0m  CREATE TABLE "problems" ("id" INTEGER PRIMARY KEY AUTOINCREMENT NOT NULL, "title" varchar(255), "desciption" text, "solution" text, "user_id" integer, "created_at" datetime, "updated_at" datetime) 
  [1m[36mSQL (0.4ms)[0m  [1m SELECT name
 FROM sqlite_master
 WHERE type = 'table' AND NOT name = 'sqlite_sequence'
[0m
  [1m[35mSQL (5.7ms)[0m  CREATE TABLE "tags" ("id" INTEGER PRIMARY KEY AUTOINCREMENT NOT NULL, "tag" varchar(255), "created_at" datetime, "updated_at" datetime) 
  [1m[36mSQL (0.4ms)[0m  [1m SELECT name
 FROM sqlite_master
 WHERE type = 'table' AND NOT name = 'sqlite_sequence'
[0m
  [1m[35mSQL (5.4ms)[0m  CREATE TABLE "users" ("id" INTEGER PRIMARY KEY AUTOINCREMENT NOT NULL, "login" varchar(255) NOT NULL, "email" varchar(255) NOT NULL, "crypted_password" varchar(255) NOT NULL, "password_salt" varchar(255) NOT NULL, "persistence_token" varchar(255) NOT NULL, "single_access_token" varchar(255) NOT NULL, "perishable_token" varchar(255) NOT NULL, "login_count" integer DEFAULT 0 NOT NULL, "failed_login_count" integer DEFAULT 0 NOT NULL, "last_request_at" datetime, "current_login_at" datetime, "last_login_at" datetime, "current_login_ip" varchar(255), "last_login_ip" varchar(255), "avatar_file_name" varchar(255), "avatar_content_type" varchar(255), "avatar_file_size" integer, "avatar_updated_at" datetime) 
  [1m[36mSQL (0.5ms)[0m  [1m SELECT name
 FROM sqlite_master
 WHERE type = 'table' AND NOT name = 'sqlite_sequence'
[0m
  [1m[35mSQL (6.6ms)[0m  CREATE TABLE "schema_migrations" ("version" varchar(255) NOT NULL) 
  [1m[36mSQL (0.1ms)[0m  [1mPRAGMA index_list("schema_migrations")[0m
  [1m[35mSQL (6.9ms)[0m  CREATE UNIQUE INDEX "unique_schema_migrations" ON "schema_migrations" ("version")
  [1m[36mSQL (0.3ms)[0m  [1m SELECT name
 FROM sqlite_master
 WHERE type = 'table' AND NOT name = 'sqlite_sequence'
[0m
  [1m[35mSQL (0.2ms)[0m  SELECT version FROM "schema_migrations"
  [1m[36mSQL (2.6ms)[0m  [1mINSERT INTO "schema_migrations" (version) VALUES ('20100702232826')[0m
  [1m[35mSQL (2.5ms)[0m  INSERT INTO "schema_migrations" (version) VALUES ('20100612203900')
  [1m[36mSQL (2.2ms)[0m  [1mINSERT INTO "schema_migrations" (version) VALUES ('20100612210053')[0m
  [1m[35mSQL (30.3ms)[0m  INSERT INTO "schema_migrations" (version) VALUES ('20100613185628')
